INOUT D_UU_AMIGA[3] 	 location (2, 21, 1) 	 144 	 
INOUT D_LL_AMIGA[4] 	 location (0, 3, 0) 	 29 	 
INOUT D_LL_040[1] 	 location (25, 2, 0) 	 75 	 
INOUT D_LM_AMIGA[6] 	 location (0, 17, 1) 	 9 	 
INPUT  A_040[1] 	 location (2, 0, 1) 	 38 	 
OUTPUT TSn 	 location (8, 0, 1) 	 45 	 
INOUT D_UM_AMIGA[0] 	 location (0, 12, 1) 	 17 	 
INOUT D_UM_040[0] 	 location (25, 9, 0) 	 88 	 
INOUT D_LM_040[4] 	 location (25, 8, 1) 	 87 	 
INOUT D_UU_AMIGA[7] 	 location (3, 21, 0) 	 143 	 
INOUT D_UU_040[7] 	 location (22, 21, 0) 	 116 	 
INOUT D_LM_AMIGA[1] 	 location (0, 10, 0) 	 22 	 
INOUT D_LL_AMIGA[0] 	 location (0, 1, 1) 	 33 	 
INOUT D_LL_040[5] 	 location (25, 4, 0) 	 79 	 
INPUT  RESETn 	 location (0, 1, 0) 	 34 	 
INPUT  SIZ[0] 	 location (18, 21, 0) 	 121 	 
INOUT D_LM_040[1] 	 location (25, 6, 0) 	 83 	 
OUTPUT CLKRAMA 	 location (18, 0, 0) 	 56 	 
INPUT  PORTSIZE 	 location (5, 0, 0) 	 42 	 
INOUT D_UM_AMIGA[4] 	 location (0, 19, 1) 	 3 	 
INOUT D_LL_AMIGA[5] 	 location (0, 6, 1) 	 25 	 
INOUT D_LL_040[0] 	 location (25, 1, 1) 	 74 	 
OUTPUT TEA_CPUn 	 location (15, 21, 1) 	 122 	 
INPUT  LBENn 	 location (12, 0, 0) 	 48 	 
INOUT D_UU_040[3] 	 location (24, 21, 0) 	 112 	 
INOUT D_UM_AMIGA[3] 	 location (0, 18, 1) 	 7 	 
INOUT D_UM_040[5] 	 location (23, 21, 0) 	 114 	 
INOUT D_LM_AMIGA[5] 	 location (0, 15, 0) 	 12 	 
INOUT D_LM_040[7] 	 location (25, 15, 1) 	 99 	 
INOUT D_UU_AMIGA[2] 	 location (5, 21, 0) 	 139 	 
INOUT D_UU_040[4] 	 location (19, 21, 1) 	 119 	 
INOUT D_LL_AMIGA[7] 	 location (0, 7, 0) 	 24 	 
INOUT D_LL_040[6] 	 location (25, 4, 1) 	 80 	 
OUTPUT CLK40B 	 location (12, 0, 1) 	 49 	 
INPUT  A_040[0] 	 location (2, 0, 0) 	 37 	 
OUTPUT TBI_CPUn 	 location (22, 0, 1) 	 64 	 
INOUT TAn 	 location (15, 21, 0) 	 124 	 
INOUT D_UM_AMIGA[1] 	 location (0, 15, 1) 	 11 	 
INOUT D_UM_040[7] 	 location (25, 19, 0) 	 105 	 
INOUT D_LM_AMIGA[7] 	 location (0, 17, 0) 	 10 	 
INOUT D_LM_040[5] 	 location (25, 9, 1) 	 90 	 
OUTPUT CPUBGn 	 location (25, 17, 0) 	 102 	 
OUTPUT BUFENn 	 location (7, 21, 0) 	 135 	 
INPUT  RnW 	 location (25, 14, 0) 	 97 	 
INOUT D_UU_AMIGA[0] 	 location (5, 21, 1) 	 138 	 
INOUT D_UU_040[6] 	 location (22, 21, 1) 	 115 	 
INOUT D_LM_AMIGA[0] 	 location (0, 7, 1) 	 23 	 
INOUT D_LL_AMIGA[1] 	 location (0, 3, 1) 	 28 	 
INOUT D_LL_040[4] 	 location (25, 2, 1) 	 76 	 
OUTPUT CLK80_CPU 	 location (25, 11, 0) 	 94 	 
OUTPUT BUFDIR 	 location (6, 21, 1) 	 136 	 
OUTPUT A_AMIGA[1] 	 location (4, 0, 1) 	 41 	 
OUTPUT TCI_CPUn 	 location (25, 16, 1) 	 101 	 
INOUT D_UM_AMIGA[7] 	 location (0, 19, 0) 	 4 	 
INOUT D_UM_040[1] 	 location (25, 18, 1) 	 104 	 
INPUT  TS_CPUn 	 location (14, 21, 1) 	 125 	 
INOUT D_UU_AMIGA[6] 	 location (3, 21, 1) 	 142 	 
INOUT D_UU_040[0] 	 location (21, 21, 1) 	 117 	 
INOUT D_LM_AMIGA[2] 	 location (0, 12, 0) 	 18 	 
INOUT D_LM_040[2] 	 location (25, 6, 1) 	 84 	 
INOUT D_LL_AMIGA[3] 	 location (0, 2, 0) 	 32 	 
OUTPUT CLKRAMB 	 location (13, 0, 0) 	 52 	 
INOUT D_UM_AMIGA[5] 	 location (4, 21, 0) 	 141 	 
INOUT D_UM_040[3] 	 location (25, 19, 1) 	 106 	 
INOUT D_LL_040[3] 	 location (25, 1, 0) 	 73 	 
OUTPUT CLK40A 	 location (25, 10, 1) 	 93 	 
INPUT  SIZ[1] 	 location (19, 21, 0) 	 120 	 
INOUT D_UU_AMIGA[4] 	 location (6, 21, 0) 	 137 	 
INOUT D_UU_040[2] 	 location (20, 21, 0) 	 118 	 
INOUT D_UM_040[4] 	 location (24, 21, 1) 	 110 	 
INOUT D_LM_AMIGA[4] 	 location (0, 13, 0) 	 16 	 
INOUT D_LM_040[0] 	 location (25, 5, 1) 	 82 	 
OUTPUT DMAn 	 location (7, 21, 1) 	 134 	 
OUTPUT CLK40C 	 location (0, 10, 1) 	 21 	 
INOUT D_UM_AMIGA[2] 	 location (0, 13, 1) 	 15 	 
INOUT D_UM_040[6] 	 location (25, 12, 1) 	 95 	 
INOUT D_LM_040[6] 	 location (25, 14, 1) 	 98 	 
INPUT  CLK40_IN 	 location (12, 21, 1) 	 129 	 
INOUT D_UU_AMIGA[1] 	 location (0, 18, 0) 	 8 	 
INOUT D_UU_040[5] 	 location (23, 21, 1) 	 113 	 
INOUT D_LL_AMIGA[6] 	 location (0, 6, 0) 	 26 	 
INOUT D_LL_040[7] 	 location (25, 5, 0) 	 81 	 
INOUT D_LM_040[3] 	 location (25, 7, 1) 	 85 	 
OUTPUT A_AMIGA[0] 	 location (3, 0, 1) 	 39 	 
INOUT D_UM_AMIGA[6] 	 location (0, 20, 0) 	 2 	 
INOUT D_UM_040[2] 	 location (25, 10, 0) 	 91 	 
INOUT D_LL_040[2] 	 location (25, 3, 1) 	 78 	 
INOUT TACKn 	 location (11, 0, 1) 	 47 	 
INOUT D_UU_AMIGA[5] 	 location (0, 20, 1) 	 1 	 
INOUT D_UU_040[1] 	 location (25, 20, 0) 	 107 	 
INOUT D_LM_AMIGA[3] 	 location (0, 11, 1) 	 19 	 
INOUT D_LL_AMIGA[2] 	 location (0, 2, 1) 	 31 	 
INPUT  BGn 	 location (25, 13, 1) 	 96 	 
