Running in Lattice mode


Starting:    C:\lscc\iCEcube2.2020.12\synpbase\bin64\mbin\synbatch.exe
Install:     C:\lscc\iCEcube2.2020.12\synpbase
Hostname:    JASON-LAB
Date:        Wed Jan 08 20:41:26 2025
Version:     L-2016.09L+ice40

Arguments:   -product synplify_pro -batch U712_icecube_syn.prj
ProductType: synplify_pro





log file: "D:\AmigaPCI\U712\U712_icecube\U712_icecube_Implmnt\U712_icecube.srr"
Running: U712_icecube_Implmnt in foreground

Running U712_icecube_syn|U712_icecube_Implmnt

Running: compile (Compile) on U712_icecube_syn|U712_icecube_Implmnt
# Wed Jan 08 20:41:26 2025

Running: compile_flow (Compile Process) on U712_icecube_syn|U712_icecube_Implmnt
# Wed Jan 08 20:41:26 2025

Running: compiler (Compile Input) on U712_icecube_syn|U712_icecube_Implmnt
# Wed Jan 08 20:41:26 2025
Copied D:\AmigaPCI\U712\U712_icecube\U712_icecube_Implmnt\synwork\U712_icecube_comp.srs to D:\AmigaPCI\U712\U712_icecube\U712_icecube_Implmnt\U712_icecube.srs

compiler completed
# Wed Jan 08 20:41:28 2025

Return Code: 0
Run Time:00h:00m:02s

Running: multi_srs_gen (Multi-srs Generator) on U712_icecube_syn|U712_icecube_Implmnt
# Wed Jan 08 20:41:28 2025

multi_srs_gen completed
# Wed Jan 08 20:41:28 2025

Return Code: 0
Run Time:00h:00m:00s
Copied D:\AmigaPCI\U712\U712_icecube\U712_icecube_Implmnt\synwork\U712_icecube_mult.srs to D:\AmigaPCI\U712\U712_icecube\U712_icecube_Implmnt\U712_icecube.srs
Complete: Compile Process on U712_icecube_syn|U712_icecube_Implmnt

Running: premap (Pre-mapping) on U712_icecube_syn|U712_icecube_Implmnt
# Wed Jan 08 20:41:28 2025

premap completed
# Wed Jan 08 20:41:29 2025

Return Code: 0
Run Time:00h:00m:01s
Complete: Compile on U712_icecube_syn|U712_icecube_Implmnt

Running: map (Map) on U712_icecube_syn|U712_icecube_Implmnt
# Wed Jan 08 20:41:29 2025
License granted for 4 parallel jobs

Running: fpga_mapper (Map & Optimize) on U712_icecube_syn|U712_icecube_Implmnt
# Wed Jan 08 20:41:29 2025
Copied D:\AmigaPCI\U712\U712_icecube\U712_icecube_Implmnt\synwork\U712_icecube_m.srm to D:\AmigaPCI\U712\U712_icecube\U712_icecube_Implmnt\U712_icecube.srm

fpga_mapper completed with warnings
# Wed Jan 08 20:41:30 2025

Return Code: 1
Run Time:00h:00m:01s
Complete: Map on U712_icecube_syn|U712_icecube_Implmnt
Complete: Logic Synthesis on U712_icecube_syn|U712_icecube_Implmnt

exit status=0

exit status=0

