* ******************************************************************************

* iCEcube Packer

* Version:            2020.12.27943

* Build Date:         Dec  9 2020 17:31:51

* File Generated:     Dec 14 2024 10:36:35

* Purpose:            General info of design implementation

* Copyright (C) 2006-2010 by Lattice Semiconductor Corp. All rights reserved.

* ******************************************************************************

Command Line: C:\lscc\iCEcube2.2020.12\sbt_backend\bin\win32\opt\packer.exe  C:\lscc\iCEcube2.2020.12\sbt_backend\devices\ICE40P04.dev  D:/AmigaPCI/U111/U111_icecube/U111_icecube_Implmnt\sbt\netlist\oadb-U111_TOP  --package  TQ144  --outdir  D:/AmigaPCI/U111/U111_icecube/U111_icecube_Implmnt\sbt\outputs\packer  --translator  C:\lscc\iCEcube2.2020.12\sbt_backend\bin\sdc_translator.tcl  --src_sdc_file  D:/AmigaPCI/U111/U111_icecube/U111_icecube_Implmnt\sbt\outputs\placer\U111_TOP_pl.sdc  --dst_sdc_file  D:/AmigaPCI/U111/U111_icecube/U111_icecube_Implmnt\sbt\outputs\packer\U111_TOP_pk.sdc  --devicename  iCE40HX4K  

***** Device Info *****
Chip: iCE40HX4K
Package: TQ144
Size: 24 X 20

***** Design Utilization Info *****
Design: U111_TOP
Used Logic Cell: 90/3520
Used Logic Tile: 53/440
Used IO Cell:    89/176
Used Bram Cell For iCE40: 0/20
Used PLL For iCE40: 1/2
Ram Cascading Used: 0
Lut Cascading Used: 1

***** Clock Info *****
Clock Domain: CLK80
Clock Source: clk40_in CONSTANT_ONE_NET GNDG0 GNDG0 GNDG0 GNDG0 GNDG0 GNDG0 GNDG0 GNDG0 
Clock Driver: pll (SB_PLL40_2F_PAD)
Driver Position: (12, 21, 1)
Fanout to FF: 24
Fanout to Tile: 11

Clock Domain: CLK40
Clock Source: clk40_in CONSTANT_ONE_NET GNDG0 GNDG0 GNDG0 GNDG0 GNDG0 GNDG0 GNDG0 GNDG0 
Clock Driver: pll (SB_PLL40_2F_PAD)
Driver Position: (12, 21, 1)
Fanout to FF: 3
Fanout to Tile: 3


***** Placement Info *****
Logic cell utilization per tile
    . . . . + . . . . 1 . . . . + . . . . 2 . . . . + . 
   ----------------------------------------------------
21|                                                     
20|   0 0 0 0 0 0 2 1 1 0 3 3 4 1 0 0 0 0 0 0 0 0 0 0   
19|   0 0 0 0 0 0 0 0 0 1 0 0 2 1 0 0 0 0 0 0 0 0 0 0   
18|   0 0 0 0 0 0 0 0 0 0 0 0 2 2 0 0 0 0 0 0 0 0 0 0   
17|   0 0 0 0 0 0 0 0 0 0 0 1 1 0 0 0 0 0 0 0 0 0 0 0   
16|   0 0 0 0 0 0 0 0 0 0 0 1 0 0 0 0 0 0 0 0 0 0 0 0   
15|   0 0 0 0 0 0 1 0 0 0 0 0 1 1 0 0 0 0 0 0 0 0 0 0   
14|   0 0 0 0 0 0 0 0 1 0 2 2 7 0 0 1 0 0 0 0 0 0 0 0   
13|   0 0 0 0 0 0 0 0 0 2 6 6 2 0 0 0 0 0 0 0 0 0 0 0   
12|   0 0 0 0 0 0 0 1 1 1 4 1 2 1 0 0 0 0 0 0 0 0 0 0   
11|   0 0 0 0 0 0 0 0 1 0 0 1 1 0 0 0 0 0 0 0 0 0 0 0   
10|   0 0 0 0 0 0 0 1 1 0 0 1 1 0 0 0 0 0 0 0 0 0 0 0   
 9|   0 0 0 0 0 1 0 0 0 0 0 1 0 0 0 0 0 0 0 0 0 0 0 0   
 8|   0 0 0 0 0 0 0 0 0 0 0 0 0 0 0 0 0 0 0 0 0 0 0 0   
 7|   0 0 0 0 0 0 2 0 0 0 0 0 0 0 0 0 0 0 0 0 0 0 0 0   
 6|   0 0 0 0 0 0 0 0 1 0 0 0 1 0 0 0 0 0 0 0 0 0 0 0   
 5|   0 0 0 0 0 0 0 0 0 0 0 0 0 0 0 0 0 0 0 0 0 0 0 0   
 4|   0 0 0 0 0 0 1 0 0 0 0 0 0 0 0 0 0 0 0 0 0 0 0 0   
 3|   0 0 0 0 0 0 0 1 0 0 1 0 1 0 0 0 0 0 0 0 0 0 0 0   
 2|   0 0 0 0 0 0 1 0 0 0 0 0 0 0 0 0 0 0 0 0 0 0 0 0   
 1|   0 0 2 0 0 0 0 1 0 0 0 0 0 0 0 0 0 0 0 0 0 0 0 0   
 0|                                                     

Maximum number of Logic cells per logic tile: 7
Average number of Logic cells per logic tile: 1.70

***** Input Pin Density Info *****
Number of input nets per logic tile
     .  .  .  .  +  .  .  .  .  1  .  .  .  .  +  .  .  .  .  2  .  .  .  .  +  . 
   ------------------------------------------------------------------------------
21|                                                                               
20|     0  0  0  0  0  0  5  3  3  0  8  6 10  3  0  0  0  0  0  0  0  0  0  0    
19|     0  0  0  0  0  0  0  0  0  3  0  0  5  3  0  0  0  0  0  0  0  0  0  0    
18|     0  0  0  0  0  0  0  0  0  0  0  0  6  6  0  0  0  0  0  0  0  0  0  0    
17|     0  0  0  0  0  0  0  0  0  0  0  3  3  0  0  0  0  0  0  0  0  0  0  0    
16|     0  0  0  0  0  0  0  0  0  0  0  3  0  0  0  0  0  0  0  0  0  0  0  0    
15|     0  0  0  0  0  0  3  0  0  0  0  0  3  3  0  0  0  0  0  0  0  0  0  0    
14|     0  0  0  0  0  0  0  0  3  0  2  2  7  0  0  3  0  0  0  0  0  0  0  0    
13|     0  0  0  0  0  0  0  0  0  2 16  9  2  0  0  0  0  0  0  0  0  0  0  0    
12|     0  0  0  0  0  0  0  3  3  1 10  1  2  3  0  0  0  0  0  0  0  0  0  0    
11|     0  0  0  0  0  0  0  0  3  0  0  3  1  0  0  0  0  0  0  0  0  0  0  0    
10|     0  0  0  0  0  0  0  3  3  0  0  1  3  0  0  0  0  0  0  0  0  0  0  0    
 9|     0  0  0  0  0  1  0  0  0  0  0  3  0  0  0  0  0  0  0  0  0  0  0  0    
 8|     0  0  0  0  0  0  0  0  0  0  0  0  0  0  0  0  0  0  0  0  0  0  0  0    
 7|     0  0  0  0  0  0  5  0  0  0  0  0  0  0  0  0  0  0  0  0  0  0  0  0    
 6|     0  0  0  0  0  0  0  0  3  0  0  0  3  0  0  0  0  0  0  0  0  0  0  0    
 5|     0  0  0  0  0  0  0  0  0  0  0  0  0  0  0  0  0  0  0  0  0  0  0  0    
 4|     0  0  0  0  0  0  3  0  0  0  0  0  0  0  0  0  0  0  0  0  0  0  0  0    
 3|     0  0  0  0  0  0  0  3  0  0  3  0  3  0  0  0  0  0  0  0  0  0  0  0    
 2|     0  0  0  0  0  0  3  0  0  0  0  0  0  0  0  0  0  0  0  0  0  0  0  0    
 1|     0  0  4  0  0  0  0  3  0  0  0  0  0  0  0  0  0  0  0  0  0  0  0  0    
 0|                                                                               

Maximum number of input nets per logic tile: 16
Average number of input nets per logic tile: 3.81

Number of input pins per logic tile
     .  .  .  .  +  .  .  .  .  1  .  .  .  .  +  .  .  .  .  2  .  .  .  .  +  . 
   ------------------------------------------------------------------------------
21|                                                                               
20|     0  0  0  0  0  0  6  3  3  0  9  6 12  3  0  0  0  0  0  0  0  0  0  0    
19|     0  0  0  0  0  0  0  0  0  3  0  0  6  3  0  0  0  0  0  0  0  0  0  0    
18|     0  0  0  0  0  0  0  0  0  0  0  0  6  6  0  0  0  0  0  0  0  0  0  0    
17|     0  0  0  0  0  0  0  0  0  0  0  3  3  0  0  0  0  0  0  0  0  0  0  0    
16|     0  0  0  0  0  0  0  0  0  0  0  3  0  0  0  0  0  0  0  0  0  0  0  0    
15|     0  0  0  0  0  0  3  0  0  0  0  0  3  3  0  0  0  0  0  0  0  0  0  0    
14|     0  0  0  0  0  0  0  0  3  0  2  2  7  0  0  3  0  0  0  0  0  0  0  0    
13|     0  0  0  0  0  0  0  0  0  3 21 20  2  0  0  0  0  0  0  0  0  0  0  0    
12|     0  0  0  0  0  0  0  3  3  1 12  1  2  3  0  0  0  0  0  0  0  0  0  0    
11|     0  0  0  0  0  0  0  0  3  0  0  3  1  0  0  0  0  0  0  0  0  0  0  0    
10|     0  0  0  0  0  0  0  3  3  0  0  1  3  0  0  0  0  0  0  0  0  0  0  0    
 9|     0  0  0  0  0  1  0  0  0  0  0  3  0  0  0  0  0  0  0  0  0  0  0  0    
 8|     0  0  0  0  0  0  0  0  0  0  0  0  0  0  0  0  0  0  0  0  0  0  0  0    
 7|     0  0  0  0  0  0  6  0  0  0  0  0  0  0  0  0  0  0  0  0  0  0  0  0    
 6|     0  0  0  0  0  0  0  0  3  0  0  0  3  0  0  0  0  0  0  0  0  0  0  0    
 5|     0  0  0  0  0  0  0  0  0  0  0  0  0  0  0  0  0  0  0  0  0  0  0  0    
 4|     0  0  0  0  0  0  3  0  0  0  0  0  0  0  0  0  0  0  0  0  0  0  0  0    
 3|     0  0  0  0  0  0  0  3  0  0  3  0  3  0  0  0  0  0  0  0  0  0  0  0    
 2|     0  0  0  0  0  0  3  0  0  0  0  0  0  0  0  0  0  0  0  0  0  0  0  0    
 1|     0  0  5  0  0  0  0  3  0  0  0  0  0  0  0  0  0  0  0  0  0  0  0  0    
 0|                                                                               

Maximum number of input pins per logic tile: 21
Average number of input pins per logic tile: 4.30

***** Run Time Info *****
Run Time:  0
