* ******************************************************************************

* iCEcube Packer

* Version:            2020.12.27943

* Build Date:         Dec  9 2020 17:31:51

* File Generated:     Jul 2 2025 17:00:17

* Purpose:            General info of design implementation

* Copyright (C) 2006-2010 by Lattice Semiconductor Corp. All rights reserved.

* ******************************************************************************

Command Line: C:\lscc\iCEcube2.2020.12\sbt_backend\bin\win32\opt\packer.exe  C:\lscc\iCEcube2.2020.12\sbt_backend\devices\ICE40P04.dev  D:/U712/U712_icecube/U712_icecube_Implmnt\sbt\netlist\oadb-U712_TOP  --package  TQ144  --outdir  D:/U712/U712_icecube/U712_icecube_Implmnt\sbt\outputs\packer  --translator  C:\lscc\iCEcube2.2020.12\sbt_backend\bin\sdc_translator.tcl  --src_sdc_file  D:/U712/U712_icecube/U712_icecube_Implmnt\sbt\outputs\placer\U712_TOP_pl.sdc  --dst_sdc_file  D:/U712/U712_icecube/U712_icecube_Implmnt\sbt\outputs\packer\U712_TOP_pk.sdc  --devicename  iCE40HX4K  

***** Device Info *****
Chip: iCE40HX4K
Package: TQ144
Size: 24 X 20

***** Design Utilization Info *****
Design: U712_TOP
Used Logic Cell: 267/3520
Used Logic Tile: 104/440
Used IO Cell:    97/176
Used Bram Cell For iCE40: 0/20
Used PLL For iCE40: 1/2
Ram Cascading Used: 0
Lut Cascading Used: 1

***** Clock Info *****
Clock Domain: CLK80_PLL
Clock Source: CLK40_IN_c GNDG0 GNDG0 GNDG0 GNDG0 GNDG0 GNDG0 GNDG0 GNDG0 CONSTANT_ONE_NET 
Clock Driver: pll (SB_PLL40_2F_CORE)
Driver Position: (12, 0, 1)
Fanout to FF: 95
Fanout to Tile: 54

Clock Domain: C3_c_g
Clock Source: C3_c 
Clock Driver: C3_ibuf_RNIRKME (ICE_GB)
Driver Position: (25, 10, 1)
Fanout to FF: 10
Fanout to Tile: 7

Clock Domain: C1_c_g
Clock Source: C1_c 
Clock Driver: C1_ibuf_RNIPA2A (ICE_GB)
Driver Position: (13, 21, 0)
Fanout to FF: 18
Fanout to Tile: 8


***** Placement Info *****
Logic cell utilization per tile
    . . . . + . . . . 1 . . . . + . . . . 2 . . . . + . 
   ----------------------------------------------------
21|                                                     
20|   0 0 0 0 0 0 0 0 0 0 0 0 0 4 0 0 0 0 0 0 0 0 0 0   
19|   0 0 0 0 0 0 0 0 0 1 0 0 0 0 0 0 0 0 0 0 0 0 0 1   
18|   0 0 0 0 0 0 0 0 0 0 0 1 0 0 0 0 0 0 0 0 0 0 0 0   
17|   0 0 0 0 0 0 0 0 0 0 0 0 0 0 0 0 0 0 0 0 0 0 0 0   
16|   0 0 0 0 0 0 0 0 0 0 0 0 0 0 0 0 0 0 0 0 0 0 0 0   
15|   0 0 0 0 0 0 0 0 0 0 0 0 1 1 1 1 0 0 0 0 0 0 0 0   
14|   0 0 0 0 0 0 1 1 0 0 0 0 1 1 2 1 0 0 0 0 0 0 0 0   
13|   0 0 0 0 0 0 0 1 0 0 0 0 2 0 1 0 0 0 0 0 0 0 0 0   
12|   0 0 0 0 0 1 0 8 1 0 0 2 4 0 0 0 0 0 0 0 0 0 0 0   
11|   1 0 0 0 0 0 0 2 2 0 1 5 6 5 1 0 0 0 0 0 0 0 0 0   
10|   0 0 0 0 0 0 0 3 3 1 1 4 3 2 0 2 0 0 0 0 0 0 0 0   
 9|   0 0 0 0 0 0 0 3 7 3 2 7 1 1 1 1 1 0 0 0 0 0 0 0   
 8|   0 0 0 0 0 2 2 8 8 8 7 1 1 3 2 1 1 0 0 0 0 0 0 0   
 7|   0 0 0 0 0 8 1 4 8 8 5 2 1 3 2 1 1 0 0 0 0 0 0 0   
 6|   0 0 0 0 0 0 5 2 6 8 3 6 3 1 2 1 1 0 0 0 0 0 0 0   
 5|   0 0 0 0 0 0 1 3 1 2 1 3 4 3 1 0 0 0 0 0 0 0 0 0   
 4|   0 0 0 0 0 0 0 1 1 0 2 1 0 3 1 1 1 0 0 0 0 0 0 0   
 3|   0 0 0 0 0 0 0 0 0 0 1 0 0 0 1 1 0 0 0 0 0 0 0 0   
 2|   0 0 0 0 0 0 0 0 0 0 0 0 0 0 0 0 0 0 0 0 0 0 0 0   
 1|   0 1 0 0 0 0 0 0 0 0 0 0 0 0 0 0 0 0 0 0 0 0 0 0   
 0|                                                     

Maximum number of Logic cells per logic tile: 8
Average number of Logic cells per logic tile: 2.57

***** Input Pin Density Info *****
Number of input nets per logic tile
     .  .  .  .  +  .  .  .  .  1  .  .  .  .  +  .  .  .  .  2  .  .  .  .  +  . 
   ------------------------------------------------------------------------------
21|                                                                               
20|     0  0  0  0  0  0  0  0  0  0  0  0  0  4  0  0  0  0  0  0  0  0  0  0    
19|     0  0  0  0  0  0  0  0  0  3  0  0  0  0  0  0  0  0  0  0  0  0  0  4    
18|     0  0  0  0  0  0  0  0  0  0  0  1  0  0  0  0  0  0  0  0  0  0  0  0    
17|     0  0  0  0  0  0  0  0  0  0  0  0  0  0  0  0  0  0  0  0  0  0  0  0    
16|     0  0  0  0  0  0  0  0  0  0  0  0  0  0  0  0  0  0  0  0  0  0  0  0    
15|     0  0  0  0  0  0  0  0  0  0  0  0  1  4  4  1  0  0  0  0  0  0  0  0    
14|     0  0  0  0  0  0  1  1  0  0  0  0  1  4  6  2  0  0  0  0  0  0  0  0    
13|     0  0  0  0  0  0  0  1  0  0  0  0  2  0  4  0  0  0  0  0  0  0  0  0    
12|     0  0  0  0  0  1  0 15  4  0  0  6 10  0  0  0  0  0  0  0  0  0  0  0    
11|     2  0  0  0  0  0  0  7  4  0  4  8 12 12  3  0  0  0  0  0  0  0  0  0    
10|     0  0  0  0  0  0  0  5  7  1  3 14  7  7  0  3  0  0  0  0  0  0  0  0    
 9|     0  0  0  0  0  0  0  9 17 11  5  9  4  3  3  3  3  0  0  0  0  0  0  0    
 8|     0  0  0  0  0  6  6 18 17 19 18  4  4  6  5  3  3  0  0  0  0  0  0  0    
 7|     0  0  0  0  0 16  3  8 17 20 16  5  4  5  5  3  3  0  0  0  0  0  0  0    
 6|     0  0  0  0  0  0  5  4 17 21 10 14  9  4  6  3  3  0  0  0  0  0  0  0    
 5|     0  0  0  0  0  0  1  8  3  7  4  8 10  8  4  0  0  0  0  0  0  0  0  0    
 4|     0  0  0  0  0  0  0  2  1  0  6  4  0  8  2  1  1  0  0  0  0  0  0  0    
 3|     0  0  0  0  0  0  0  0  0  0  0  0  0  0  1  1  0  0  0  0  0  0  0  0    
 2|     0  0  0  0  0  0  0  0  0  0  0  0  0  0  0  0  0  0  0  0  0  0  0  0    
 1|     0  1  0  0  0  0  0  0  0  0  0  0  0  0  0  0  0  0  0  0  0  0  0  0    
 0|                                                                               

Maximum number of input nets per logic tile: 21
Average number of input nets per logic tile: 6.18

Number of input pins per logic tile
     .  .  .  .  +  .  .  .  .  1  .  .  .  .  +  .  .  .  .  2  .  .  .  .  +  . 
   ------------------------------------------------------------------------------
21|                                                                               
20|     0  0  0  0  0  0  0  0  0  0  0  0  0 16  0  0  0  0  0  0  0  0  0  0    
19|     0  0  0  0  0  0  0  0  0  3  0  0  0  0  0  0  0  0  0  0  0  0  0  4    
18|     0  0  0  0  0  0  0  0  0  0  0  1  0  0  0  0  0  0  0  0  0  0  0  0    
17|     0  0  0  0  0  0  0  0  0  0  0  0  0  0  0  0  0  0  0  0  0  0  0  0    
16|     0  0  0  0  0  0  0  0  0  0  0  0  0  0  0  0  0  0  0  0  0  0  0  0    
15|     0  0  0  0  0  0  0  0  0  0  0  0  1  4  4  1  0  0  0  0  0  0  0  0    
14|     0  0  0  0  0  0  1  1  0  0  0  0  1  4  8  2  0  0  0  0  0  0  0  0    
13|     0  0  0  0  0  0  0  1  0  0  0  0  2  0  4  0  0  0  0  0  0  0  0  0    
12|     0  0  0  0  0  1  0 25  4  0  0  6 16  0  0  0  0  0  0  0  0  0  0  0    
11|     2  0  0  0  0  0  0  7  8  0  4 12 20 18  3  0  0  0  0  0  0  0  0  0    
10|     0  0  0  0  0  0  0  7  9  1  3 15  8  7  0  4  0  0  0  0  0  0  0  0    
 9|     0  0  0  0  0  0  0  9 26 11  5 19  4  3  3  3  3  0  0  0  0  0  0  0    
 8|     0  0  0  0  0  6  6 28 22 25 25  4  4  9  6  3  3  0  0  0  0  0  0  0    
 7|     0  0  0  0  0 16  3 12 27 27 18  6  4  9  6  3  3  0  0  0  0  0  0  0    
 6|     0  0  0  0  0  0  5  4 21 28 11 20 11  4  7  3  3  0  0  0  0  0  0  0    
 5|     0  0  0  0  0  0  1  8  3  7  4 10 14 12  4  0  0  0  0  0  0  0  0  0    
 4|     0  0  0  0  0  0  0  2  1  0  7  4  0 11  2  1  1  0  0  0  0  0  0  0    
 3|     0  0  0  0  0  0  0  0  0  0  0  0  0  0  1  1  0  0  0  0  0  0  0  0    
 2|     0  0  0  0  0  0  0  0  0  0  0  0  0  0  0  0  0  0  0  0  0  0  0  0    
 1|     0  1  0  0  0  0  0  0  0  0  0  0  0  0  0  0  0  0  0  0  0  0  0  0    
 0|                                                                               

Maximum number of input pins per logic tile: 28
Average number of input pins per logic tile: 7.87

***** Run Time Info *****
Run Time:  0
