Running in Lattice mode


Starting:    C:\lscc\iCEcube2.2020.12\synpbase\bin64\mbin\synbatch.exe
Install:     C:\lscc\iCEcube2.2020.12\synpbase
Hostname:    JASON-LAB
Date:        Thu Nov 28 19:11:06 2024
Version:     L-2016.09L+ice40

Arguments:   -product synplify_pro -batch U409_icecube_syn.prj
ProductType: synplify_pro





log file: "D:\AmigaPCI\U409\U409_icecube\U409_icecube_Implmnt\U409_icecube.srr"
Running: U409_icecube_Implmnt in foreground

Running U409_icecube_syn|U409_icecube_Implmnt

Running: compile (Compile) on U409_icecube_syn|U409_icecube_Implmnt
# Thu Nov 28 19:11:06 2024

Running: compile_flow (Compile Process) on U409_icecube_syn|U409_icecube_Implmnt
# Thu Nov 28 19:11:06 2024

Running: compiler (Compile Input) on U409_icecube_syn|U409_icecube_Implmnt
# Thu Nov 28 19:11:06 2024
Copied D:\AmigaPCI\U409\U409_icecube\U409_icecube_Implmnt\synwork\U409_icecube_comp.srs to D:\AmigaPCI\U409\U409_icecube\U409_icecube_Implmnt\U409_icecube.srs

compiler completed
# Thu Nov 28 19:11:08 2024

Return Code: 0
Run Time:00h:00m:02s

Running: multi_srs_gen (Multi-srs Generator) on U409_icecube_syn|U409_icecube_Implmnt
# Thu Nov 28 19:11:08 2024

multi_srs_gen completed
# Thu Nov 28 19:11:08 2024

Return Code: 0
Run Time:00h:00m:00s
Copied D:\AmigaPCI\U409\U409_icecube\U409_icecube_Implmnt\synwork\U409_icecube_mult.srs to D:\AmigaPCI\U409\U409_icecube\U409_icecube_Implmnt\U409_icecube.srs
Complete: Compile Process on U409_icecube_syn|U409_icecube_Implmnt

Running: premap (Pre-mapping) on U409_icecube_syn|U409_icecube_Implmnt
# Thu Nov 28 19:11:08 2024

premap completed
# Thu Nov 28 19:11:08 2024

Return Code: 0
Run Time:00h:00m:00s
Complete: Compile on U409_icecube_syn|U409_icecube_Implmnt

Running: map (Map) on U409_icecube_syn|U409_icecube_Implmnt
# Thu Nov 28 19:11:08 2024
License granted for 4 parallel jobs

Running: fpga_mapper (Map & Optimize) on U409_icecube_syn|U409_icecube_Implmnt
# Thu Nov 28 19:11:08 2024
Copied D:\AmigaPCI\U409\U409_icecube\U409_icecube_Implmnt\synwork\U409_icecube_m.srm to D:\AmigaPCI\U409\U409_icecube\U409_icecube_Implmnt\U409_icecube.srm

fpga_mapper completed with warnings
# Thu Nov 28 19:11:09 2024

Return Code: 1
Run Time:00h:00m:01s
Complete: Map on U409_icecube_syn|U409_icecube_Implmnt
Complete: Logic Synthesis on U409_icecube_syn|U409_icecube_Implmnt

exit status=0

exit status=0

