* ******************************************************************************

* iCEcube Packer

* Version:            2020.12.27943

* Build Date:         Dec  9 2020 17:31:51

* File Generated:     Jun 12 2025 17:26:31

* Purpose:            General info of design implementation

* Copyright (C) 2006-2010 by Lattice Semiconductor Corp. All rights reserved.

* ******************************************************************************

Command Line: C:\lscc\iCEcube2.2020.12\sbt_backend\bin\win32\opt\packer.exe  C:\lscc\iCEcube2.2020.12\sbt_backend\devices\ICE40P01.dev  D:/LocalBus68040/U400/LBC_U400/LBC_U400_Implmnt\sbt\netlist\oadb-U400_TOP  --package  VQ100  --outdir  D:/LocalBus68040/U400/LBC_U400/LBC_U400_Implmnt\sbt\outputs\packer  --translator  C:\lscc\iCEcube2.2020.12\sbt_backend\bin\sdc_translator.tcl  --src_sdc_file  D:/LocalBus68040/U400/LBC_U400/LBC_U400_Implmnt\sbt\outputs\placer\U400_TOP_pl.sdc  --dst_sdc_file  D:/LocalBus68040/U400/LBC_U400/LBC_U400_Implmnt\sbt\outputs\packer\U400_TOP_pk.sdc  --devicename  iCE40HX1K  

***** Device Info *****
Chip: iCE40HX1K
Package: VQ100
Size: 12 X 16

***** Design Utilization Info *****
Design: U400_TOP
Used Logic Cell: 157/1280
Used Logic Tile: 46/160
Used IO Cell:    65/112
Used Bram Cell For iCE40: 0/16
Used PLL For iCE40: 0/0
Ram Cascading Used: 0
Lut Cascading Used: 1

***** Clock Info *****
Clock Domain: CLK40_c_g
Clock Source: CLK40_ibuf_gb_io_gb_input 
Clock Driver: CLK40_ibuf_gb_io_gb (ICE_GB)
Driver Position: (0, 9, 0)
Fanout to FF: 56
Fanout to Tile: 27


***** Placement Info *****
Logic cell utilization per tile
    . . . . + . . . . 1 . . . . 
   ----------------------------
17|                             
16|   0 0 0 0 0 0 0 0 3 0 0 0   
15|   0 0 0 0 0 0 0 0 3 0 0 0   
14|   0 0 0 1 2 0 2 2 2 0 0 0   
13|   0 0 0 0 0 0 0 0 0 0 0 0   
12|   0 0 0 2 0 0 0 0 0 0 0 0   
11|   0 0 0 0 0 0 0 0 0 0 0 0   
10|   0 1 0 0 0 0 0 0 0 0 0 0   
 9|   0 2 0 0 0 2 0 0 0 0 0 0   
 8|   0 0 0 1 2 4 4 0 0 0 0 0   
 7|   0 0 0 3 7 2 2 1 0 0 0 0   
 6|   0 0 0 8 8 8 3 1 0 0 2 0   
 5|   0 2 0 7 6 6 8 2 2 0 0 0   
 4|   1 8 0 2 8 5 4 2 3 0 0 0   
 3|   0 1 0 2 8 0 0 0 0 0 0 0   
 2|   0 0 0 0 0 0 0 0 0 0 0 0   
 1|   0 1 0 1 0 0 0 0 0 0 0 0   
 0|                             

Maximum number of Logic cells per logic tile: 8
Average number of Logic cells per logic tile: 3.41

***** Input Pin Density Info *****
Number of input nets per logic tile
     .  .  .  .  +  .  .  .  .  1  .  .  .  . 
   ------------------------------------------
17|                                           
16|     0  0  0  0  0  0  0  0  8  0  0  0    
15|     0  0  0  0  0  0  0  0  8  0  0  0    
14|     0  0  0  4  5  0  5  4  5  0  0  0    
13|     0  0  0  0  0  0  0  0  0  0  0  0    
12|     0  0  0  6  0  0  0  0  0  0  0  0    
11|     0  0  0  0  0  0  0  0  0  0  0  0    
10|     0  1  0  0  0  0  0  0  0  0  0  0    
 9|     0  2  0  0  0  7  0  0  0  0  0  0    
 8|     0  0  0  1  7  7 10  0  0  0  0  0    
 7|     0  0  0 11 16  7  7  2  0  0  0  0    
 6|     0  0  0 21 21 19 10  2  0  0  3  0    
 5|     0  7  0 14 10 12 12  7  6  0  0  0    
 4|     1 16  0  7 19 16  5  6  5  0  0  0    
 3|     0  2  0  5 17  0  0  0  0  0  0  0    
 2|     0  0  0  0  0  0  0  0  0  0  0  0    
 1|     0  2  0  4  0  0  0  0  0  0  0  0    
 0|                                           

Maximum number of input nets per logic tile: 21
Average number of input nets per logic tile: 8.09

Number of input pins per logic tile
     .  .  .  .  +  .  .  .  .  1  .  .  .  . 
   ------------------------------------------
17|                                           
16|     0  0  0  0  0  0  0  0 12  0  0  0    
15|     0  0  0  0  0  0  0  0 10  0  0  0    
14|     0  0  0  4  8  0  8  7  8  0  0  0    
13|     0  0  0  0  0  0  0  0  0  0  0  0    
12|     0  0  0  8  0  0  0  0  0  0  0  0    
11|     0  0  0  0  0  0  0  0  0  0  0  0    
10|     0  1  0  0  0  0  0  0  0  0  0  0    
 9|     0  2  0  0  0  8  0  0  0  0  0  0    
 8|     0  0  0  1  8 12 12  0  0  0  0  0    
 7|     0  0  0 11 26  7  8  2  0  0  0  0    
 6|     0  0  0 26 29 29 12  2  0  0  3  0    
 5|     0  7  0 23 17 21 25  7  8  0  0  0    
 4|     1 16  0  8 29 20  9  6 10  0  0  0    
 3|     0  2  0  8 21  0  0  0  0  0  0  0    
 2|     0  0  0  0  0  0  0  0  0  0  0  0    
 1|     0  2  0  4  0  0  0  0  0  0  0  0    
 0|                                           

Maximum number of input pins per logic tile: 29
Average number of input pins per logic tile: 11.04

***** Run Time Info *****
Run Time:  0
