INPUT  TSn 	 location (6, 21, 1) 	 136 	 
INPUT  A[13] 	 location (0, 6, 0) 	 26 	 
OUTPUT CLMBEn 	 location (25, 2, 0) 	 75 	 
INPUT  RESETn 	 location (25, 11, 0) 	 94 	 
OUTPUT CMA[1] 	 location (12, 0, 0) 	 48 	 
OUTPUT CLK_EN 	 location (25, 6, 1) 	 84 	 
OUTPUT CASn 	 location (21, 0, 0) 	 62 	 
OUTPUT BANK0 	 location (13, 0, 0) 	 52 	 
INPUT  SIZ[0] 	 location (0, 20, 0) 	 2 	 
OUTPUT CMA[8] 	 location (25, 5, 1) 	 82 	 
INPUT  A[1] 	 location (0, 17, 0) 	 10 	 
INPUT  A[17] 	 location (0, 2, 0) 	 32 	 
OUTPUT VBENn 	 location (8, 0, 0) 	 44 	 
OUTPUT CUMBEn 	 location (25, 1, 1) 	 74 	 
OUTPUT CLKRAM 	 location (2, 0, 1) 	 38 	 
INPUT  C3 	 location (3, 21, 0) 	 143 	 
OUTPUT ASn 	 location (22, 21, 0) 	 116 	 
OUTPUT LDSn 	 location (21, 21, 1) 	 117 	 
OUTPUT CMA[5] 	 location (25, 4, 0) 	 79 	 
INPUT  A[6] 	 location (0, 12, 1) 	 17 	 
INPUT  A[15] 	 location (0, 3, 0) 	 29 	 
OUTPUT DRDDIR 	 location (25, 20, 0) 	 107 	 
OUTPUT DBDIR 	 location (7, 0, 1) 	 43 	 
INPUT  A[12] 	 location (0, 6, 1) 	 25 	 
OUTPUT UDSn 	 location (20, 21, 0) 	 118 	 
INPUT  RnW 	 location (2, 21, 1) 	 144 	 
OUTPUT DRDENn 	 location (24, 21, 1) 	 110 	 
INPUT  A[4] 	 location (0, 13, 1) 	 15 	 
OUTPUT DBENn 	 location (5, 0, 0) 	 42 	 
OUTPUT CMA[2] 	 location (11, 0, 1) 	 47 	 
OUTPUT CMA[10] 	 location (18, 0, 0) 	 56 	 
OUTPUT BANK1 	 location (12, 0, 1) 	 49 	 
INPUT  A[10] 	 location (0, 7, 1) 	 23 	 
OUTPUT CMA[9] 	 location (25, 6, 0) 	 83 	 
INPUT  A[2] 	 location (0, 18, 0) 	 8 	 
INPUT  A[19] 	 location (0, 1, 0) 	 34 	 
OUTPUT CUUBEn 	 location (25, 7, 1) 	 85 	 
OUTPUT CRCSn 	 location (18, 0, 1) 	 60 	 
OUTPUT CMA[0] 	 location (17, 0, 1) 	 55 	 
OUTPUT CLLBEn 	 location (8, 0, 1) 	 45 	 
INPUT  A[9] 	 location (0, 10, 0) 	 22 	 
INPUT  A[16] 	 location (0, 2, 1) 	 31 	 
INPUT  SIZ[1] 	 location (0, 20, 1) 	 1 	 
INPUT  RAMSPACEn 	 location (9, 21, 1) 	 130 	 
INPUT  A[0] 	 location (0, 15, 0) 	 12 	 
OUTPUT WEn 	 location (25, 1, 0) 	 73 	 
OUTPUT REGENn 	 location (4, 21, 0) 	 141 	 
INPUT  DBRn 	 location (5, 21, 1) 	 138 	 
OUTPUT CMA[6] 	 location (25, 4, 1) 	 80 	 
OUTPUT CLK40C 	 location (0, 10, 1) 	 21 	 
INPUT  A[7] 	 location (0, 12, 0) 	 18 	 
INPUT  A[14] 	 location (0, 3, 1) 	 28 	 
INPUT  CLK40_IN 	 location (0, 11, 0) 	 20 	 
INPUT  REGSPACEn 	 location (4, 0, 1) 	 41 	 
OUTPUT RAMENn 	 location (5, 21, 0) 	 139 	 
OUTPUT CMA[4] 	 location (25, 3, 1) 	 78 	 
INPUT  A[5] 	 location (0, 13, 0) 	 16 	 
OUTPUT CMA[3] 	 location (25, 2, 1) 	 76 	 
OUTPUT RASn 	 location (19, 0, 0) 	 61 	 
INPUT  A[3] 	 location (0, 17, 1) 	 9 	 
INPUT  A[18] 	 location (0, 1, 1) 	 33 	 
INPUT  A[11] 	 location (0, 7, 0) 	 24 	 
OUTPUT TACKn 	 location (0, 18, 1) 	 7 	 
INPUT  C1 	 location (3, 21, 1) 	 142 	 
OUTPUT CMA[7] 	 location (25, 5, 0) 	 81 	 
INPUT  A[8] 	 location (0, 11, 1) 	 19 	 
