* ******************************************************************************

* iCEcube Report

* Version:            2020.12.27943

* Build Date:         Dec  9 2020 17:31:51

* File Generated:     Dec 25 2024 22:03:52

* Purpose:            General info of design implementation

* Copyright (C) 2006-2010 by Lattice Semiconductor Corp. All rights reserved.

* ******************************************************************************

Synthesis/Placement Summary:
----------------------------
    Status:  Successful
    Runtime: 1 seconds

Device Info:
------------
    Device Family: iCE40
    Device:        iCE40HX4K
    Package:       TQ144

Design statistics:
------------------
    FFs:                  73
    LUTs:                 157
    RAMs:                 0
    IOBs:                 66
    GBs:                  2
    PLLs:                 1
    Warm Boots:           0

Logic Resource Utilization:
---------------------------
    Total Logic Cells: 157/3520
        Combinational Logic Cells: 84       out of   3520      2.38636%
        Sequential Logic Cells:    73       out of   3520      2.07386%
        Logic Tiles:               55       out of   440       12.5%
    Registers: 
        Logic Registers:           73       out of   3520      2.07386%
        IO Registers:              0        out of   880       0
    Block RAMs:                    0        out of   20        0%
    Warm Boots:                    0        out of   1         0%
    Pins:
        Input Pins:                31       out of   107       28.972%
        Output Pins:               35       out of   107       32.7103%
        InOut Pins:                0        out of   107       0%
    Global Buffers:                2        out of   8         25%
    PLLs:                          1        out of   2         50%

IO Bank Utilization:
--------------------
    Bank 3: 25       out of   28        89.2857%
    Bank 1: 14       out of   29        48.2759%
    Bank 0: 12       out of   27        44.4444%
    Bank 2: 15       out of   23        65.2174%

Detailed I/O Info:
------------------
    Input Pins: 
    Pin Number  Direction  IO Standard  Pull Up  IO Bank  IO Function                   Signal Name
    ----------  ---------  -----------  -------  -------  -----------                   -----------
    1           Input      SB_LVCMOS    No       3        Simple Input                  SIZ[1]     
    2           Input      SB_LVCMOS    No       3        Simple Input                  SIZ[0]     
    8           Input      SB_LVCMOS    No       3        Simple Input                  A[2]       
    9           Input      SB_LVCMOS    No       3        Simple Input                  A[3]       
    10          Input      SB_LVCMOS    No       3        Simple Input                  A[1]       
    12          Input      SB_LVCMOS    Yes      3        Simple Input                  A[0]       
    15          Input      SB_LVCMOS    No       3        Simple Input                  A[4]       
    16          Input      SB_LVCMOS    No       3        Simple Input                  A[5]       
    17          Input      SB_LVCMOS    No       3        Simple Input                  A[6]       
    18          Input      SB_LVCMOS    No       3        Simple Input                  A[7]       
    19          Input      SB_LVCMOS    No       3        Simple Input                  A[8]       
    20          Input      SB_LVCMOS    No       3        Simple Input                  CLK40_IN   
    22          Input      SB_LVCMOS    No       3        Simple Input                  A[9]       
    23          Input      SB_LVCMOS    No       3        Simple Input                  A[10]      
    24          Input      SB_LVCMOS    No       3        Simple Input                  A[11]      
    25          Input      SB_LVCMOS    No       3        Simple Input                  A[12]      
    26          Input      SB_LVCMOS    No       3        Simple Input                  A[13]      
    28          Input      SB_LVCMOS    No       3        Simple Input                  A[14]      
    29          Input      SB_LVCMOS    No       3        Simple Input                  A[15]      
    31          Input      SB_LVCMOS    No       3        Simple Input                  A[16]      
    32          Input      SB_LVCMOS    No       3        Simple Input                  A[17]      
    33          Input      SB_LVCMOS    No       3        Simple Input                  A[18]      
    34          Input      SB_LVCMOS    No       3        Simple Input                  A[19]      
    41          Input      SB_LVCMOS    No       2        Simple Input                  REGSPACEn  
    94          Input      SB_LVCMOS    No       1        Simple Input                  RESETn     
    130         Input      SB_LVCMOS    No       0        Simple Input                  RAMSPACEn  
    136         Input      SB_LVCMOS    No       0        Simple Input                  TSn        
    138         Input      SB_LVCMOS    No       0        Simple Input                  DBRn       
    142         Input      SB_LVCMOS    No       0        Simple Input                  C1         
    143         Input      SB_LVCMOS    No       0        Simple Input                  C3         
    144         Input      SB_LVCMOS    No       0        Simple Input                  RnW        

    Output Pins: 
    Pin Number  Direction  IO Standard  Pull Up  IO Bank  IO Function                   Signal Name
    ----------  ---------  -----------  -------  -------  -----------                   -----------
    7           Output     SB_LVCMOS    No       3        Output Tristatable by Enable  TACKn      
    21          Output     SB_LVCMOS    No       3        Simple Output                 CLK40C     
    38          Output     SB_LVCMOS    No       2        Simple Output                 CLKRAM     
    42          Output     SB_LVCMOS    No       2        Simple Output                 DBENn      
    43          Output     SB_LVCMOS    No       2        Simple Output                 DBDIR      
    44          Output     SB_LVCMOS    No       2        Simple Output                 VBENn      
    45          Output     SB_LVCMOS    No       2        Simple Output                 CLLBEn     
    47          Output     SB_LVCMOS    No       2        Simple Output                 CMA[2]     
    48          Output     SB_LVCMOS    No       2        Simple Output                 CMA[1]     
    49          Output     SB_LVCMOS    No       2        Simple Output                 BANK1      
    52          Output     SB_LVCMOS    No       2        Simple Output                 BANK0      
    55          Output     SB_LVCMOS    No       2        Simple Output                 CMA[0]     
    56          Output     SB_LVCMOS    No       2        Simple Output                 CMA[10]    
    60          Output     SB_LVCMOS    No       2        Simple Output                 CRCSn      
    61          Output     SB_LVCMOS    No       2        Simple Output                 RASn       
    62          Output     SB_LVCMOS    No       2        Simple Output                 CASn       
    73          Output     SB_LVCMOS    No       1        Simple Output                 WEn        
    74          Output     SB_LVCMOS    No       1        Simple Output                 CUMBEn     
    75          Output     SB_LVCMOS    No       1        Simple Output                 CLMBEn     
    76          Output     SB_LVCMOS    No       1        Simple Output                 CMA[3]     
    78          Output     SB_LVCMOS    No       1        Simple Output                 CMA[4]     
    79          Output     SB_LVCMOS    No       1        Simple Output                 CMA[5]     
    80          Output     SB_LVCMOS    No       1        Simple Output                 CMA[6]     
    81          Output     SB_LVCMOS    No       1        Simple Output                 CMA[7]     
    82          Output     SB_LVCMOS    No       1        Simple Output                 CMA[8]     
    83          Output     SB_LVCMOS    No       1        Simple Output                 CMA[9]     
    84          Output     SB_LVCMOS    No       1        Simple Output                 CLK_EN     
    85          Output     SB_LVCMOS    No       1        Simple Output                 CUUBEn     
    107         Output     SB_LVCMOS    No       1        Simple Output                 DRDDIR     
    110         Output     SB_LVCMOS    No       0        Simple Output                 DRDENn     
    116         Output     SB_LVCMOS    No       0        Simple Output                 ASn        
    117         Output     SB_LVCMOS    No       0        Simple Output                 LDSn       
    118         Output     SB_LVCMOS    No       0        Simple Output                 UDSn       
    139         Output     SB_LVCMOS    No       0        Simple Output                 RAMENn     
    141         Output     SB_LVCMOS    No       0        Simple Output                 REGENn     

Detailed Global Buffer Info:
----------------------------
    Buffer Number  IO Bank  Driven By  Fanout  Signal Name   
    -------------  -------  ---------  ------  -----------   
    3              3                   8       C1_c_g        
    4              0                   56      RESETn_c_i_g  
