* ******************************************************************************

* iCEcube Packer

* Version:            2020.12.27943

* Build Date:         Dec  9 2020 17:31:51

* File Generated:     Dec 19 2024 10:37:55

* Purpose:            General info of design implementation

* Copyright (C) 2006-2010 by Lattice Semiconductor Corp. All rights reserved.

* ******************************************************************************

Command Line: C:\lscc\iCEcube2.2020.12\sbt_backend\bin\win32\opt\packer.exe  C:\lscc\iCEcube2.2020.12\sbt_backend\devices\ICE40P04.dev  D:/AmigaPCI/U712/U712_icecube/U712_icecube_Implmnt\sbt\netlist\oadb-U712_TOP  --package  TQ144  --outdir  D:/AmigaPCI/U712/U712_icecube/U712_icecube_Implmnt\sbt\outputs\packer  --translator  C:\lscc\iCEcube2.2020.12\sbt_backend\bin\sdc_translator.tcl  --src_sdc_file  D:/AmigaPCI/U712/U712_icecube/U712_icecube_Implmnt\sbt\outputs\placer\U712_TOP_pl.sdc  --dst_sdc_file  D:/AmigaPCI/U712/U712_icecube/U712_icecube_Implmnt\sbt\outputs\packer\U712_TOP_pk.sdc  --devicename  iCE40HX4K  

***** Device Info *****
Chip: iCE40HX4K
Package: TQ144
Size: 24 X 20

***** Design Utilization Info *****
Design: U712_TOP
Used Logic Cell: 210/3520
Used Logic Tile: 57/440
Used IO Cell:    80/176
Used Bram Cell For iCE40: 0/20
Used PLL For iCE40: 1/2
Ram Cascading Used: 0
Lut Cascading Used: 1

***** Clock Info *****
Clock Domain: CLK80_OUT
Clock Source: GNDG0 GNDG0 GNDG0 GNDG0 GNDG0 GNDG0 GNDG0 GNDG0 CLK40_IN_c CONSTANT_ONE_NET 
Clock Driver: pll (SB_PLL40_2F_CORE)
Driver Position: (12, 0, 1)
Fanout to FF: 93
Fanout to Tile: 42

Clock Domain: C1_c_g
Clock Source: C1_c 
Clock Driver: C1_ibuf_RNIPA2A (ICE_GB)
Driver Position: (0, 11, 0)
Fanout to FF: 8
Fanout to Tile: 1


***** Placement Info *****
Logic cell utilization per tile
    . . . . + . . . . 1 . . . . + . . . . 2 . . . . + . 
   ----------------------------------------------------
21|                                                     
20|   0 0 0 0 0 0 0 0 0 0 0 0 0 0 0 0 0 0 0 0 0 0 0 0   
19|   0 0 0 0 0 0 0 0 0 0 0 0 0 0 0 0 0 0 0 0 0 0 0 0   
18|   0 0 0 0 0 0 0 0 0 0 0 0 0 0 0 0 0 0 0 0 0 0 0 0   
17|   0 0 0 0 0 0 0 0 0 0 0 0 0 0 0 0 0 0 0 0 0 0 0 0   
16|   0 0 0 0 0 0 0 0 0 0 0 0 0 0 0 0 0 0 0 0 0 0 0 0   
15|   0 0 0 0 0 0 0 0 0 0 0 0 0 0 0 0 0 0 0 0 0 0 0 0   
14|   0 0 0 0 0 0 0 0 0 0 0 0 0 0 0 0 0 0 0 0 0 0 0 0   
13|   0 0 0 0 0 0 0 0 0 0 0 0 0 0 0 0 0 0 0 0 0 0 0 0   
12|   0 0 0 0 0 0 0 0 0 0 0 3 0 0 0 0 0 0 0 0 0 0 0 0   
11|   0 0 0 0 0 0 0 0 0 1 5 2 0 0 0 0 0 0 0 0 0 0 0 0   
10|   0 0 0 0 0 0 3 0 2 5 3 3 0 0 0 0 0 0 0 0 0 0 0 0   
 9|   0 0 0 0 0 0 5 6 5 7 7 2 0 0 0 0 0 0 0 0 0 0 0 0   
 8|   0 0 0 0 0 0 1 4 2 8 5 1 2 0 0 0 0 0 0 0 0 0 0 0   
 7|   0 0 0 0 0 0 8 5 5 7 4 3 0 0 0 0 0 0 0 0 0 0 0 0   
 6|   0 0 0 0 0 0 0 2 4 7 8 2 1 2 2 1 2 0 0 0 0 0 0 0   
 5|   0 0 0 0 0 0 0 0 3 8 7 3 2 5 4 0 0 0 0 0 0 0 0 0   
 4|   0 0 0 0 0 0 0 0 0 6 4 4 0 3 2 0 0 0 0 0 0 0 0 0   
 3|   0 0 0 0 0 0 0 0 0 0 3 2 3 0 0 0 0 0 0 0 0 0 0 0   
 2|   0 0 0 0 0 0 0 0 0 0 1 0 0 0 2 0 0 0 0 0 0 0 0 0   
 1|   0 0 1 0 0 0 0 0 0 0 0 0 0 0 2 0 0 0 0 0 0 0 0 0   
 0|                                                     

Maximum number of Logic cells per logic tile: 8
Average number of Logic cells per logic tile: 3.68

***** Input Pin Density Info *****
Number of input nets per logic tile
     .  .  .  .  +  .  .  .  .  1  .  .  .  .  +  .  .  .  .  2  .  .  .  .  +  . 
   ------------------------------------------------------------------------------
21|                                                                               
20|     0  0  0  0  0  0  0  0  0  0  0  0  0  0  0  0  0  0  0  0  0  0  0  0    
19|     0  0  0  0  0  0  0  0  0  0  0  0  0  0  0  0  0  0  0  0  0  0  0  0    
18|     0  0  0  0  0  0  0  0  0  0  0  0  0  0  0  0  0  0  0  0  0  0  0  0    
17|     0  0  0  0  0  0  0  0  0  0  0  0  0  0  0  0  0  0  0  0  0  0  0  0    
16|     0  0  0  0  0  0  0  0  0  0  0  0  0  0  0  0  0  0  0  0  0  0  0  0    
15|     0  0  0  0  0  0  0  0  0  0  0  0  0  0  0  0  0  0  0  0  0  0  0  0    
14|     0  0  0  0  0  0  0  0  0  0  0  0  0  0  0  0  0  0  0  0  0  0  0  0    
13|     0  0  0  0  0  0  0  0  0  0  0  0  0  0  0  0  0  0  0  0  0  0  0  0    
12|     0  0  0  0  0  0  0  0  0  0  0  5  0  0  0  0  0  0  0  0  0  0  0  0    
11|     0  0  0  0  0  0  0  0  0  3 11  6  0  0  0  0  0  0  0  0  0  0  0  0    
10|     0  0  0  0  0  0  3  0  6 15  8  9  0  0  0  0  0  0  0  0  0  0  0  0    
 9|     0  0  0  0  0  0 11 15 13 17 14  7  0  0  0  0  0  0  0  0  0  0  0  0    
 8|     0  0  0  0  0  0  3  8  6 18  7  1  2  0  0  0  0  0  0  0  0  0  0  0    
 7|     0  0  0  0  0  0 16 11 11 11 13  3  0  0  0  0  0  0  0  0  0  0  0  0    
 6|     0  0  0  0  0  0  0  2 11 22 15  7  4  2  2  3  3  0  0  0  0  0  0  0    
 5|     0  0  0  0  0  0  0  0  9 19 20  3  7 10  4  0  0  0  0  0  0  0  0  0    
 4|     0  0  0  0  0  0  0  0  0 16 11 11  0 10  5  0  0  0  0  0  0  0  0  0    
 3|     0  0  0  0  0  0  0  0  0  0  7  5  9  0  0  0  0  0  0  0  0  0  0  0    
 2|     0  0  0  0  0  0  0  0  0  0  3  0  0  0  2  0  0  0  0  0  0  0  0  0    
 1|     0  0  1  0  0  0  0  0  0  0  0  0  0  0  2  0  0  0  0  0  0  0  0  0    
 0|                                                                               

Maximum number of input nets per logic tile: 22
Average number of input nets per logic tile: 8.39

Number of input pins per logic tile
     .  .  .  .  +  .  .  .  .  1  .  .  .  .  +  .  .  .  .  2  .  .  .  .  +  . 
   ------------------------------------------------------------------------------
21|                                                                               
20|     0  0  0  0  0  0  0  0  0  0  0  0  0  0  0  0  0  0  0  0  0  0  0  0    
19|     0  0  0  0  0  0  0  0  0  0  0  0  0  0  0  0  0  0  0  0  0  0  0  0    
18|     0  0  0  0  0  0  0  0  0  0  0  0  0  0  0  0  0  0  0  0  0  0  0  0    
17|     0  0  0  0  0  0  0  0  0  0  0  0  0  0  0  0  0  0  0  0  0  0  0  0    
16|     0  0  0  0  0  0  0  0  0  0  0  0  0  0  0  0  0  0  0  0  0  0  0  0    
15|     0  0  0  0  0  0  0  0  0  0  0  0  0  0  0  0  0  0  0  0  0  0  0  0    
14|     0  0  0  0  0  0  0  0  0  0  0  0  0  0  0  0  0  0  0  0  0  0  0  0    
13|     0  0  0  0  0  0  0  0  0  0  0  0  0  0  0  0  0  0  0  0  0  0  0  0    
12|     0  0  0  0  0  0  0  0  0  0  0  5  0  0  0  0  0  0  0  0  0  0  0  0    
11|     0  0  0  0  0  0  0  0  0  3 11  6  0  0  0  0  0  0  0  0  0  0  0  0    
10|     0  0  0  0  0  0  5  0  8 15  9 12  0  0  0  0  0  0  0  0  0  0  0  0    
 9|     0  0  0  0  0  0 14 18 16 23 22  7  0  0  0  0  0  0  0  0  0  0  0  0    
 8|     0  0  0  0  0  0  3 14  6 26  7  1  2  0  0  0  0  0  0  0  0  0  0  0    
 7|     0  0  0  0  0  0 16 14 18 25 15  3  0  0  0  0  0  0  0  0  0  0  0  0    
 6|     0  0  0  0  0  0  0  2 14 27 29  7  4  2  2  3  3  0  0  0  0  0  0  0    
 5|     0  0  0  0  0  0  0  0 10 28 23  3  7 14  4  0  0  0  0  0  0  0  0  0    
 4|     0  0  0  0  0  0  0  0  0 21 15 14  0 12  7  0  0  0  0  0  0  0  0  0    
 3|     0  0  0  0  0  0  0  0  0  0  7  7 11  0  0  0  0  0  0  0  0  0  0  0    
 2|     0  0  0  0  0  0  0  0  0  0  3  0  0  0  2  0  0  0  0  0  0  0  0  0    
 1|     0  0  1  0  0  0  0  0  0  0  0  0  0  0  2  0  0  0  0  0  0  0  0  0    
 0|                                                                               

Maximum number of input pins per logic tile: 29
Average number of input pins per logic tile: 10.67

***** Run Time Info *****
Run Time:  0
