Running in Lattice mode


Starting:    C:\lscc\iCEcube2.2020.12\synpbase\bin64\mbin\synbatch.exe
Install:     C:\lscc\iCEcube2.2020.12\synpbase
Hostname:    JASON-LAB
Date:        Thu Dec 19 10:10:09 2024
Version:     L-2016.09L+ice40

Arguments:   -product synplify_pro -batch U111_icecube_syn.prj
ProductType: synplify_pro





log file: "D:\AmigaPCI\U111\U111_icecube\U111_icecube_Implmnt\U111_icecube.srr"
Running: U111_icecube_Implmnt in foreground

Running U111_icecube_syn|U111_icecube_Implmnt

Running: compile (Compile) on U111_icecube_syn|U111_icecube_Implmnt
# Thu Dec 19 10:10:09 2024

Running: compile_flow (Compile Process) on U111_icecube_syn|U111_icecube_Implmnt
# Thu Dec 19 10:10:09 2024

Running: compiler (Compile Input) on U111_icecube_syn|U111_icecube_Implmnt
# Thu Dec 19 10:10:09 2024
Copied D:\AmigaPCI\U111\U111_icecube\U111_icecube_Implmnt\synwork\U111_icecube_comp.srs to D:\AmigaPCI\U111\U111_icecube\U111_icecube_Implmnt\U111_icecube.srs

compiler completed
# Thu Dec 19 10:10:10 2024

Return Code: 0
Run Time:00h:00m:01s

Running: multi_srs_gen (Multi-srs Generator) on U111_icecube_syn|U111_icecube_Implmnt
# Thu Dec 19 10:10:10 2024

multi_srs_gen completed
# Thu Dec 19 10:10:10 2024

Return Code: 0
Run Time:00h:00m:00s
Copied D:\AmigaPCI\U111\U111_icecube\U111_icecube_Implmnt\synwork\U111_icecube_mult.srs to D:\AmigaPCI\U111\U111_icecube\U111_icecube_Implmnt\U111_icecube.srs
Complete: Compile Process on U111_icecube_syn|U111_icecube_Implmnt

Running: premap (Pre-mapping) on U111_icecube_syn|U111_icecube_Implmnt
# Thu Dec 19 10:10:10 2024

premap completed
# Thu Dec 19 10:10:11 2024

Return Code: 0
Run Time:00h:00m:01s
Complete: Compile on U111_icecube_syn|U111_icecube_Implmnt

Running: map (Map) on U111_icecube_syn|U111_icecube_Implmnt
# Thu Dec 19 10:10:11 2024
License granted for 4 parallel jobs

Running: fpga_mapper (Map & Optimize) on U111_icecube_syn|U111_icecube_Implmnt
# Thu Dec 19 10:10:11 2024
Copied D:\AmigaPCI\U111\U111_icecube\U111_icecube_Implmnt\synwork\U111_icecube_m.srm to D:\AmigaPCI\U111\U111_icecube\U111_icecube_Implmnt\U111_icecube.srm

fpga_mapper completed
# Thu Dec 19 10:10:12 2024

Return Code: 0
Run Time:00h:00m:01s
Complete: Map on U111_icecube_syn|U111_icecube_Implmnt
Complete: Logic Synthesis on U111_icecube_syn|U111_icecube_Implmnt

exit status=0

exit status=0

