* ******************************************************************************

* iCEcube Placer

* Version:            2020.12.27943

* Build Date:         Dec  9 2020 17:55:50

* File Generated:     Sep 14 2025 12:25:38

* Purpose:            

* Copyright (C) 2006-2010 by Lattice Semiconductor Corp. All rights reserved.

* ******************************************************************************

Executing : C:\lscc\iCEcube2.2020.12\sbt_backend\bin\win32\opt\sbtplacer.exe --des-lib D:/AmigaPCI/U409/U409_icecube/U409_icecube_Implmnt\sbt\netlist\oadb-U409_TOP --outdir D:/AmigaPCI/U409/U409_icecube/U409_icecube_Implmnt\sbt\outputs\placer --device-file C:\lscc\iCEcube2.2020.12\sbt_backend\devices\ICE40P04.dev --package TQ144 --deviceMarketName iCE40HX4K --sdc-file D:/AmigaPCI/U409/U409_icecube/U409_icecube_Implmnt\sbt\Temp/sbt_temp.sdc --lib-file C:\lscc\iCEcube2.2020.12\sbt_backend\devices\ice40HX8K.lib --effort_level std --out-sdc-file D:/AmigaPCI/U409/U409_icecube/U409_icecube_Implmnt\sbt\outputs\placer\U409_TOP_pl.sdc
I2004: Option and Settings Summary
=============================================================
Device file          - C:\lscc\iCEcube2.2020.12\sbt_backend\devices\ICE40P04.dev
Package              - TQ144
Design database      - D:/AmigaPCI/U409/U409_icecube/U409_icecube_Implmnt\sbt\netlist\oadb-U409_TOP
SDC file             - D:/AmigaPCI/U409/U409_icecube/U409_icecube_Implmnt\sbt\Temp/sbt_temp.sdc
Output directory     - D:/AmigaPCI/U409/U409_icecube/U409_icecube_Implmnt\sbt\outputs\placer
Timing library       - C:\lscc\iCEcube2.2020.12\sbt_backend\devices\ice40HX8K.lib
Effort level         - std

I2050: Starting reading inputs for placer
=============================================================
I2100: Reading design library: D:/AmigaPCI/U409/U409_icecube/U409_icecube_Implmnt\sbt\netlist\oadb-U409_TOP/BFPGA_DESIGN_ep
I2065: Reading device file : C:\lscc\iCEcube2.2020.12\sbt_backend\devices\ICE40P04.dev
I2051: Reading of inputs for placer completed successfully

I2053: Starting placement of the design
=============================================================
W2715: Warning for set_io Constraint: Ignoring pin assignment for A[8], as it is not connected to any PAD
W2715: Warning for set_io Constraint: Ignoring pin assignment for A[11], as it is not connected to any PAD
W2715: Warning for set_io Constraint: Ignoring pin assignment for TM[1], as it is not connected to any PAD
W2715: Warning for set_io Constraint: Ignoring pin assignment for A[9], as it is not connected to any PAD
W2715: Warning for set_io Constraint: Ignoring pin assignment for A[10], as it is not connected to any PAD
W2715: Warning for set_io Constraint: Ignoring pin assignment for TM[2], as it is not connected to any PAD
W2715: Warning for set_io Constraint: Ignoring pin assignment for TM[0], as it is not connected to any PAD

Input Design Statistics
    Number of LUTs      	:	255
    Number of DFFs      	:	105
    Number of DFFs packed to IO	:	0
    Number of Carrys    	:	39
    Number of RAMs      	:	0
    Number of ROMs      	:	0
    Number of IOs       	:	69
    Number of GBIOs     	:	3
    Number of GBs       	:	1
    Number of WarmBoot  	:	0
    Number of PLLs      	:	1


Phase 1
I2077: Start design legalization

Design Legalization Statistics
    Number of feedthru LUTs inserted to legalize input of DFFs     	:	5
    Number of feedthru LUTs inserted for LUTs driving multiple DFFs	:	0
    Number of LUTs replicated for LUTs driving multiple DFFs       	:	1
    Number of feedthru LUTs inserted to legalize output of CARRYs  	:	2
    Number of feedthru LUTs inserted to legalize global signals    	:	1
    Number of feedthru CARRYs inserted to legalize input of CARRYs 	:	0
    Number of inserted LUTs to Legalize IOs with PIN_TYPE= 01xxxx  	:	0
    Number of inserted LUTs to Legalize IOs with PIN_TYPE= 10xxxx  	:	0
    Number of inserted LUTs to Legalize IOs with PIN_TYPE= 11xxxx  	:	0
    Total LUTs inserted                                            	:	9
    Total CARRYs inserted                                          	:	0


I2078: Design legalization is completed successfully
I2088: Phase 1, elapsed time : 0.0 (sec)


Phase 2
I2088: Phase 2, elapsed time : 0.0 (sec)

Phase 3
Info-1404: Inferred PLL generated clock at pll/PLLOUTCORE
Info-1404: Inferred PLL generated clock at pll/PLLOUTGLOBAL
Warning-1034: Found non-unate timing arc, from pin "in3" to pin "lcout" of instance "GB_BUFFER_CLK40_IN_c_g_THRU_LUT4_0_LC_263", in the clock network. Converting the timing arc to positive-unate

Design Statistics after Packing
    Number of LUTs      	:	265
    Number of DFFs      	:	105
    Number of DFFs packed to IO	:	0
    Number of Carrys    	:	39

Device Utilization Summary after Packing
    Sequential LogicCells
        LUT and DFF      	:	87
        LUT, DFF and CARRY	:	18
    Combinational LogicCells
        Only LUT         	:	142
        CARRY Only       	:	3
        LUT with CARRY   	:	18
    LogicCells                  :	268/3520
    PLBs                        :	37/440
    BRAMs                       :	0/20
    IOs and GBIOs               :	72/107
    PLLs                        :	1/2


I2088: Phase 3, elapsed time : 0.4 (sec)

Phase 4
I2088: Phase 4, elapsed time : 0.2 (sec)

Phase 5
I2088: Phase 5, elapsed time : 0.2 (sec)

Phase 6
I2088: Phase 6, elapsed time : 15.2 (sec)

Final Design Statistics
    Number of LUTs      	:	265
    Number of DFFs      	:	105
    Number of DFFs packed to IO	:	0
    Number of Carrys    	:	39
    Number of RAMs      	:	0
    Number of ROMs      	:	0
    Number of IOs       	:	69
    Number of GBIOs     	:	3
    Number of GBs       	:	1
    Number of WarmBoot  	:	0
    Number of PLLs      	:	1

Device Utilization Summary
    LogicCells                  :	268/3520
    PLBs                        :	84/440
    BRAMs                       :	0/20
    IOs and GBIOs               :	72/107
    PLLs                        :	1/2



#####################################################################
Placement Timing Summary

The timing summary is based on estimated routing delays after
placement. For final timing report, please carry out the timing
analysis after routing.
=====================================================================

#####################################################################
                     Clock Summary 
=====================================================================
Number of clocks: 5
Clock: CLK28_IN | Frequency: 263.19 MHz | Target: 28.64 MHz
Clock: CLK40_IN | Frequency: 154.92 MHz | Target: 40.00 MHz
Clock: CLK6 | Frequency: 179.89 MHz | Target: 6.00 MHz
Clock: pll/PLLOUTCORE | Frequency: N/A | Target: 80.00 MHz
Clock: pll/PLLOUTGLOBAL | Frequency: 177.94 MHz | Target: 80.00 MHz

=====================================================================
                     End of Clock Summary
#####################################################################

I2054: Placement of design completed successfully

I2076: Placer run-time: 16.4 sec.

