INPUT  A[17] 	 location (0, 8, 0) 	 16 	 
OUTPUT MA[5] 	 location (3, 17, 1) 	 97 	 
OUTPUT LBENn 	 location (13, 6, 0) 	 54 	 
OUTPUT CS0n 	 location (0, 10, 1) 	 9 	 
INPUT  A[25] 	 location (7, 0, 0) 	 34 	 
OUTPUT UUBEn 	 location (7, 0, 1) 	 37 	 
INPUT  A[6] 	 location (13, 13, 1) 	 69 	 
INPUT  A[15] 	 location (10, 17, 1) 	 81 	 
OUTPUT TAn 	 location (13, 6, 1) 	 56 	 
OUTPUT MA[3] 	 location (1, 17, 1) 	 100 	 
INPUT  CLK40 	 location (13, 4, 1) 	 53 	 
INPUT  A[23] 	 location (6, 0, 0) 	 36 	 
INPUT  A[12] 	 location (10, 17, 0) 	 82 	 
INPUT  RnW 	 location (13, 3, 1) 	 51 	 
OUTPUT MA[8] 	 location (5, 17, 0) 	 94 	 
INPUT  A[4] 	 location (13, 11, 1) 	 65 	 
OUTPUT MA[1] 	 location (9, 17, 0) 	 85 	 
OUTPUT BANK1 	 location (0, 12, 1) 	 7 	 
INPUT  A[21] 	 location (0, 4, 0) 	 21 	 
INPUT  A[10] 	 location (13, 15, 0) 	 73 	 
OUTPUT UMBEn 	 location (9, 0, 1) 	 40 	 
OUTPUT MA[6] 	 location (4, 17, 0) 	 96 	 
INPUT  A[30] 	 location (6, 0, 1) 	 33 	 
INPUT  A[28] 	 location (4, 0, 0) 	 30 	 
INPUT  A[2] 	 location (12, 17, 1) 	 78 	 
INPUT  A[19] 	 location (0, 6, 1) 	 18 	 
OUTPUT MA[10] 	 location (8, 17, 0) 	 87 	 
INPUT  A[9] 	 location (13, 12, 0) 	 66 	 
INPUT  A[16] 	 location (0, 8, 1) 	 15 	 
INPUT  SIZ[1] 	 location (13, 7, 1) 	 59 	 
OUTPUT MA[4] 	 location (2, 17, 1) 	 99 	 
INPUT  A[26] 	 location (3, 0, 1) 	 29 	 
INPUT  A[0] 	 location (0, 13, 1) 	 3 	 
OUTPUT WEn 	 location (0, 9, 0) 	 13 	 
OUTPUT MA[12] 	 location (6, 17, 0) 	 91 	 
OUTPUT LLBEn 	 location (10, 0, 1) 	 42 	 
INPUT  A[7] 	 location (13, 14, 0) 	 71 	 
INPUT  A[14] 	 location (11, 17, 1) 	 80 	 
OUTPUT MA[2] 	 location (9, 17, 1) 	 83 	 
INPUT  A[24] 	 location (0, 2, 1) 	 24 	 
INPUT  A[5] 	 location (13, 13, 0) 	 68 	 
INPUT  TSn 	 location (13, 7, 0) 	 57 	 
OUTPUT MA[0] 	 location (8, 17, 1) 	 86 	 
OUTPUT LMBEn 	 location (10, 0, 0) 	 41 	 
INPUT  A[22] 	 location (3, 0, 0) 	 28 	 
INPUT  A[13] 	 location (13, 11, 0) 	 64 	 
OUTPUT RASn 	 location (0, 10, 0) 	 10 	 
OUTPUT MA[9] 	 location (5, 17, 1) 	 93 	 
OUTPUT CS1n 	 location (6, 17, 1) 	 90 	 
INPUT  A[3] 	 location (12, 17, 0) 	 79 	 
INPUT  A[29] 	 location (2, 0, 0) 	 26 	 
INPUT  A[18] 	 location (0, 6, 0) 	 19 	 
INPUT  RESETn 	 location (13, 9, 0) 	 63 	 
OUTPUT MA[11] 	 location (7, 17, 0) 	 89 	 
OUTPUT CLK_EN 	 location (0, 14, 1) 	 1 	 
OUTPUT CASn 	 location (0, 9, 1) 	 12 	 
OUTPUT BANK0 	 location (0, 12, 0) 	 8 	 
INPUT  A[20] 	 location (0, 4, 1) 	 20 	 
INPUT  A[11] 	 location (13, 15, 1) 	 74 	 
INPUT  SIZ[0] 	 location (13, 8, 0) 	 60 	 
OUTPUT MA[7] 	 location (4, 17, 1) 	 95 	 
INPUT  A[31] 	 location (2, 0, 1) 	 27 	 
INPUT  A[27] 	 location (0, 2, 0) 	 25 	 
INPUT  A[1] 	 location (0, 13, 0) 	 4 	 
INPUT  A[8] 	 location (13, 14, 1) 	 72 	 
