* ******************************************************************************

* iCEcube Packer

* Version:            2020.12.27943

* Build Date:         Dec  9 2020 17:31:51

* File Generated:     Jun 22 2025 01:34:16

* Purpose:            General info of design implementation

* Copyright (C) 2006-2010 by Lattice Semiconductor Corp. All rights reserved.

* ******************************************************************************

Command Line: C:\lscc\iCEcube2.2020.12\sbt_backend\bin\win32\opt\packer.exe  C:\lscc\iCEcube2.2020.12\sbt_backend\devices\ICE40P01.dev  D:/LocalBus68040/U400/LBC_U400/LBC_U400_Implmnt\sbt\netlist\oadb-U400_TOP  --package  VQ100  --outdir  D:/LocalBus68040/U400/LBC_U400/LBC_U400_Implmnt\sbt\outputs\packer  --translator  C:\lscc\iCEcube2.2020.12\sbt_backend\bin\sdc_translator.tcl  --src_sdc_file  D:/LocalBus68040/U400/LBC_U400/LBC_U400_Implmnt\sbt\outputs\placer\U400_TOP_pl.sdc  --dst_sdc_file  D:/LocalBus68040/U400/LBC_U400/LBC_U400_Implmnt\sbt\outputs\packer\U400_TOP_pk.sdc  --devicename  iCE40HX1K  

***** Device Info *****
Chip: iCE40HX1K
Package: VQ100
Size: 12 X 16

***** Design Utilization Info *****
Design: U400_TOP
Used Logic Cell: 142/1280
Used Logic Tile: 44/160
Used IO Cell:    65/112
Used Bram Cell For iCE40: 0/16
Used PLL For iCE40: 0/0
Ram Cascading Used: 0
Lut Cascading Used: 1

***** Clock Info *****
Clock Domain: CLK40_c_g
Clock Source: CLK40_ibuf_gb_io_gb_input 
Clock Driver: CLK40_ibuf_gb_io_gb (ICE_GB)
Driver Position: (0, 9, 0)
Fanout to FF: 54
Fanout to Tile: 27


***** Placement Info *****
Logic cell utilization per tile
    . . . . + . . . . 1 . . . . 
   ----------------------------
17|                             
16|   0 0 0 0 0 0 2 2 2 0 0 0   
15|   0 0 0 0 0 0 0 1 1 0 0 0   
14|   0 0 0 1 0 0 0 0 0 0 0 0   
13|   0 0 0 0 0 0 0 0 1 0 0 0   
12|   0 0 0 2 0 2 0 0 0 0 0 0   
11|   0 0 0 0 0 0 0 0 0 0 0 0   
10|   0 0 0 0 0 2 2 1 0 0 0 0   
 9|   0 0 0 3 0 3 2 4 0 0 0 0   
 8|   0 1 0 0 4 6 8 8 0 0 0 0   
 7|   0 0 0 4 2 5 4 1 0 0 0 0   
 6|   0 0 0 3 8 5 6 4 3 0 0 0   
 5|   0 0 0 7 3 4 1 0 0 0 0 0   
 4|   0 0 0 4 1 4 0 0 0 0 0 0   
 3|   0 0 0 0 8 2 1 0 3 0 0 0   
 2|   0 0 0 0 0 0 0 0 0 0 0 0   
 1|   0 0 0 1 0 0 0 0 0 0 0 0   
 0|                             

Maximum number of Logic cells per logic tile: 8
Average number of Logic cells per logic tile: 3.23

***** Input Pin Density Info *****
Number of input nets per logic tile
     .  .  .  .  +  .  .  .  .  1  .  .  .  . 
   ------------------------------------------
17|                                           
16|     0  0  0  0  0  0  7  7  7  0  0  0    
15|     0  0  0  0  0  0  0  4  4  0  0  0    
14|     0  0  0  4  0  0  0  0  0  0  0  0    
13|     0  0  0  0  0  0  0  0  4  0  0  0    
12|     0  0  0  6  0  3  0  0  0  0  0  0    
11|     0  0  0  0  0  0  0  0  0  0  0  0    
10|     0  0  0  0  0  5  6  2  0  0  0  0    
 9|     0  0  0  3  0  9  8 10  0  0  0  0    
 8|     0  1  0  0 10 17 19 17  0  0  0  0    
 7|     0  0  0 10  6 12 12  4  0  0  0  0    
 6|     0  0  0 10 16 15 17  9  6  0  0  0    
 5|     0  0  0 11 11 12  3  0  0  0  0  0    
 4|     0  0  0 10  4 13  0  0  0  0  0  0    
 3|     0  0  0  0 16  2  4  0  4  0  0  0    
 2|     0  0  0  0  0  0  0  0  0  0  0  0    
 1|     0  0  0  4  0  0  0  0  0  0  0  0    
 0|                                           

Maximum number of input nets per logic tile: 19
Average number of input nets per logic tile: 8.27

Number of input pins per logic tile
     .  .  .  .  +  .  .  .  .  1  .  .  .  . 
   ------------------------------------------
17|                                           
16|     0  0  0  0  0  0  8  8  8  0  0  0    
15|     0  0  0  0  0  0  0  4  4  0  0  0    
14|     0  0  0  4  0  0  0  0  0  0  0  0    
13|     0  0  0  0  0  0  0  0  4  0  0  0    
12|     0  0  0  8  0  3  0  0  0  0  0  0    
11|     0  0  0  0  0  0  0  0  0  0  0  0    
10|     0  0  0  0  0  8  6  2  0  0  0  0    
 9|     0  0  0  3  0 10  8 14  0  0  0  0    
 8|     0  1  0  0 16 24 28 21  0  0  0  0    
 7|     0  0  0 14  7 15 16  4  0  0  0  0    
 6|     0  0  0 12 30 20 21 10  9  0  0  0    
 5|     0  0  0 26 12 12  3  0  0  0  0  0    
 4|     0  0  0 13  4 13  0  0  0  0  0  0    
 3|     0  0  0  0 16  3  4  0 12  0  0  0    
 2|     0  0  0  0  0  0  0  0  0  0  0  0    
 1|     0  0  0  4  0  0  0  0  0  0  0  0    
 0|                                           

Maximum number of input pins per logic tile: 30
Average number of input pins per logic tile: 10.73

***** Run Time Info *****
Run Time:  0
