# Synopsys Constraint Checker(syntax only), version maplat, Build 1612R, built Dec  5 2016
# Copyright (C) 1994-2016 Synopsys, Inc. All rights reserved. This Synopsys software and all associated documentation are proprietary to Synopsys, Inc. and may only be used pursuant to the terms and conditions of a written license agreement with Synopsys, Inc. All other use, reproduction, modification, or distribution of the Synopsys software or the associated documentation is strictly prohibited.

# Written on Wed Jan 08 20:41:28 2025


##### DESIGN INFO #######################################################

Top View:                "U712_TOP"
Constraint File(s):      "D:\AmigaPCI\U712\U712_TOP.sdc"

#Run constraint checker to find more issues with constraints.
#########################################################################



No issues found in constraint syntax.



Clock Summary
*************

Start                                Requested     Requested     Clock                       Clock                Clock
Clock                                Frequency     Period        Type                        Group                Load 
-----------------------------------------------------------------------------------------------------------------------
C1                                   3.6 MHz       279.330       declared                    default_clkgroup     30   
C3                                   3.6 MHz       279.330       declared                    default_clkgroup     22   
CLK40_IN                             40.0 MHz      25.000        declared                    default_clkgroup     0    
U712_TOP|CLK40_PLL_derived_clock     40.0 MHz      25.000        derived (from CLK40_IN)     default_clkgroup     6    
U712_TOP|CLK80_PLL_derived_clock     80.0 MHz      12.500        derived (from CLK40_IN)     default_clkgroup     69   
=======================================================================================================================
