# Synopsys Constraint Checker, version maplat, Build 1612R, built Dec  5 2016
# Copyright (C) 1994-2016 Synopsys, Inc. All rights reserved. This Synopsys software and all associated documentation are proprietary to Synopsys, Inc. and may only be used pursuant to the terms and conditions of a written license agreement with Synopsys, Inc. All other use, reproduction, modification, or distribution of the Synopsys software or the associated documentation is strictly prohibited.

# Written on Fri Nov 29 11:16:45 2024


##### DESIGN INFO #######################################################

Top View:                "U712_TOP"
Constraint File(s):      "D:\AmigaPCI\U712\U712_TOP.sdc"




##### SUMMARY ############################################################

Found 1 issues in 1 out of 4 constraints


##### DETAILS ############################################################



Clock Relationships
*******************

Starting                             Ending                               |     rise to rise     |     fall to fall     |     rise to fall     |     fall to rise                     
-------------------------------------------------------------------------------------------------------------------------------------------------------------------------------------
C1                                   C1                                   |     69.832           |     No paths         |     No paths         |     No paths                         
C1                                   U712_TOP|CLK80_OUT_derived_clock     |     0.178            |     No paths         |     No paths         |     No paths                         
U712_TOP|CLK80_OUT_derived_clock     C1                                   |     0.865            |     No paths         |     No paths         |     No paths                         
U712_TOP|CLK80_OUT_derived_clock     U712_TOP|CLK80_OUT_derived_clock     |     12.500           |     12.500           |     No paths         |     6.350                            
=====================================================================================================================================================================================
 Note: 'No paths' indicates there are no paths in the design for that pair of clock edges.
       'Diff grp' indicates that paths exist but the starting clock and ending clock are in different clock groups.


@W|Paths from clock (C1:r) to clock (U712_TOP|CLK80_OUT_derived_clock:r) are overconstrained because the required time of 0.18 ns is too small.  
@W|Paths from clock (U712_TOP|CLK80_OUT_derived_clock:r) to clock (C1:r) are overconstrained because the required time of 0.86 ns is too small.  


Unconstrained Start/End Points
******************************

p:ASn
p:A[0]
p:A[1]
p:A[2]
p:A[3]
p:A[4]
p:A[5]
p:A[6]
p:A[7]
p:A[8]
p:A[9]
p:A[10]
p:A[11]
p:A[12]
p:A[13]
p:A[14]
p:A[15]
p:A[16]
p:A[17]
p:A[18]
p:A[19]
p:A[20]
p:BANK0
p:BANK1
p:CASn
p:CLKEN
p:CLLBEn
p:CLMBEn
p:CMA[0]
p:CMA[1]
p:CMA[2]
p:CMA[3]
p:CMA[4]
p:CMA[5]
p:CMA[6]
p:CMA[7]
p:CMA[8]
p:CMA[9]
p:CMA[10]
p:CRCSn
p:CUMBEn
p:CUUBEn
p:DBDIR
p:DBENn
p:DBRn
p:DRDDIR
p:DRDENn
p:LDSn
p:RAMENn
p:RAMSPACEn
p:RASn
p:REGENn
p:REGSPACEn
p:RESETn
p:RnW
p:SIZ[0]
p:SIZ[1]
p:TACKn
p:TSn
p:UDSn
p:VBENn
p:WEn


Inapplicable constraints
************************

create_clock -period { 139.6648 } { get_ports CLK7 }
	@E:"d:/amigapci/u712/u712_top.sdc":3:0:3:0|collection "[get_ports CLK7]" is empty

Applicable constraints with issues
**********************************

(none)


Constraints with matching wildcard expressions
**********************************************

(none)


Library Report
**************


# End of Constraint Checker Report
