---------------------------------------
Resource Usage Report for U400_TOP 

Mapping to part: ice40hx1kvq100
Cell usage:
GND             2 uses
SB_CARRY        14 uses
SB_DFF          7 uses
SB_DFFN         3 uses
SB_DFFNE        8 uses
SB_DFFNESR      13 uses
SB_DFFNSR       18 uses
SB_DFFNSS       5 uses
SB_DFFSS        2 uses
SB_GB           1 use
VCC             2 uses
SB_LUT4         152 uses

I/O ports: 65
I/O primitives: 65
SB_GB_IO       1 use
SB_IO          64 uses

I/O Register bits:                  0
Register bits not including I/Os:   56 (4%)

@S |Mapping Summary:
Total  LUTs: 152 (11%)

Distribution of All Consumed LUTs = LUT4 
Distribution of All Consumed Luts 152 = 152 

