Running in Lattice mode


Starting:    C:\lscc\iCEcube2.2020.12\synpbase\bin64\mbin\synbatch.exe
Install:     C:\lscc\iCEcube2.2020.12\synpbase
Hostname:    JASON-LAB
Date:        Sat Jun 14 11:16:31 2025
Version:     L-2016.09L+ice40

Arguments:   -product synplify_pro -batch APCI_U110_syn.prj
ProductType: synplify_pro





log file: "D:\AmigaPCI\U110\APCI_U110\APCI_U110_Implmnt\APCI_U110.srr"
Running: APCI_U110_Implmnt in foreground

Running APCI_U110_syn|APCI_U110_Implmnt

Running: compile (Compile) on APCI_U110_syn|APCI_U110_Implmnt
# Sat Jun 14 11:16:32 2025

Running: compile_flow (Compile Process) on APCI_U110_syn|APCI_U110_Implmnt
# Sat Jun 14 11:16:32 2025

Running: compiler (Compile Input) on APCI_U110_syn|APCI_U110_Implmnt
# Sat Jun 14 11:16:32 2025
Copied D:\AmigaPCI\U110\APCI_U110\APCI_U110_Implmnt\synwork\APCI_U110_comp.srs to D:\AmigaPCI\U110\APCI_U110\APCI_U110_Implmnt\APCI_U110.srs

compiler completed
# Sat Jun 14 11:16:33 2025

Return Code: 0
Run Time:00h:00m:01s

Running: multi_srs_gen (Multi-srs Generator) on APCI_U110_syn|APCI_U110_Implmnt
# Sat Jun 14 11:16:33 2025

multi_srs_gen completed
# Sat Jun 14 11:16:33 2025

Return Code: 0
Run Time:00h:00m:00s
Copied D:\AmigaPCI\U110\APCI_U110\APCI_U110_Implmnt\synwork\APCI_U110_mult.srs to D:\AmigaPCI\U110\APCI_U110\APCI_U110_Implmnt\APCI_U110.srs
Complete: Compile Process on APCI_U110_syn|APCI_U110_Implmnt

Running: premap (Pre-mapping) on APCI_U110_syn|APCI_U110_Implmnt
# Sat Jun 14 11:16:33 2025

premap completed
# Sat Jun 14 11:16:34 2025

Return Code: 0
Run Time:00h:00m:01s
Complete: Compile on APCI_U110_syn|APCI_U110_Implmnt

Running: map (Map) on APCI_U110_syn|APCI_U110_Implmnt
# Sat Jun 14 11:16:34 2025
License granted for 4 parallel jobs

Running: fpga_mapper (Map & Optimize) on APCI_U110_syn|APCI_U110_Implmnt
# Sat Jun 14 11:16:34 2025
Copied D:\AmigaPCI\U110\APCI_U110\APCI_U110_Implmnt\synwork\APCI_U110_m.srm to D:\AmigaPCI\U110\APCI_U110\APCI_U110_Implmnt\APCI_U110.srm

fpga_mapper completed
# Sat Jun 14 11:16:35 2025

Return Code: 0
Run Time:00h:00m:01s
Complete: Map on APCI_U110_syn|APCI_U110_Implmnt
Complete: Logic Synthesis on APCI_U110_syn|APCI_U110_Implmnt

exit status=0

exit status=0

