OUTPUT INT2n 	 location (18, 21, 0) 	 121 	 
INPUT  A16 	 location (0, 13, 0) 	 16 	 
OUTPUT TEAn 	 location (0, 17, 0) 	 10 	 
OUTPUT IDEDIR 	 location (25, 6, 0) 	 83 	 
OUTPUT CS1_SECn 	 location (25, 16, 1) 	 101 	 
INPUT  CLK40 	 location (13, 0, 0) 	 52 	 
INPUT  TSn 	 location (11, 0, 1) 	 47 	 
INPUT  RnW 	 location (25, 4, 0) 	 79 	 
OUTPUT DIOR_SECn 	 location (25, 15, 1) 	 99 	 
OUTPUT ATA_LATCH 	 location (25, 7, 1) 	 85 	 
OUTPUT DIOW_SECn 	 location (25, 14, 1) 	 98 	 
INPUT  ATA_ENn 	 location (0, 15, 0) 	 12 	 
INPUT  A13 	 location (0, 7, 0) 	 24 	 
INPUT  RESETn 	 location (12, 0, 1) 	 49 	 
OUTPUT IDEHRENn 	 location (25, 9, 0) 	 88 	 
OUTPUT CS0_PRIn 	 location (25, 10, 0) 	 91 	 
INPUT  A12 	 location (0, 6, 1) 	 25 	 
OUTPUT TACKn 	 location (25, 1, 1) 	 74 	 
OUTPUT IDELENn 	 location (25, 8, 1) 	 87 	 
OUTPUT IDEHWENn 	 location (25, 14, 0) 	 97 	 
OUTPUT DIOR_PRIn 	 location (25, 13, 1) 	 96 	 
OUTPUT BGn 	 location (25, 2, 0) 	 75 	 
INPUT  A15 	 location (0, 10, 0) 	 22 	 
OUTPUT DIOW_PRIn 	 location (25, 11, 0) 	 94 	 
OUTPUT CS1_PRIn 	 location (25, 12, 1) 	 95 	 
OUTPUT CS0_SECn 	 location (25, 6, 1) 	 84 	 
INPUT  A14 	 location (0, 7, 1) 	 23 	 
