* ******************************************************************************

* iCEcube Placer

* Version:            2020.12.27943

* Build Date:         Dec  9 2020 17:55:50

* File Generated:     Feb 8 2025 11:04:39

* Purpose:            

* Copyright (C) 2006-2010 by Lattice Semiconductor Corp. All rights reserved.

* ******************************************************************************

Executing : C:\lscc\iCEcube2.2020.12\sbt_backend\bin\win32\opt\sbtplacer.exe --des-lib D:/AmigaPCI/U110/APCI_U110/APCI_U110_Implmnt\sbt\netlist\oadb-U110_TOP --outdir D:/AmigaPCI/U110/APCI_U110/APCI_U110_Implmnt\sbt\outputs\placer --device-file C:\lscc\iCEcube2.2020.12\sbt_backend\devices\ICE40P04.dev --package TQ144 --deviceMarketName iCE40HX4K --sdc-file D:/AmigaPCI/U110/APCI_U110/APCI_U110_Implmnt\sbt\Temp/sbt_temp.sdc --lib-file C:\lscc\iCEcube2.2020.12\sbt_backend\devices\ice40HX8K.lib --effort_level std --out-sdc-file D:/AmigaPCI/U110/APCI_U110/APCI_U110_Implmnt\sbt\outputs\placer\U110_TOP_pl.sdc
I2004: Option and Settings Summary
=============================================================
Device file          - C:\lscc\iCEcube2.2020.12\sbt_backend\devices\ICE40P04.dev
Package              - TQ144
Design database      - D:/AmigaPCI/U110/APCI_U110/APCI_U110_Implmnt\sbt\netlist\oadb-U110_TOP
SDC file             - D:/AmigaPCI/U110/APCI_U110/APCI_U110_Implmnt\sbt\Temp/sbt_temp.sdc
Output directory     - D:/AmigaPCI/U110/APCI_U110/APCI_U110_Implmnt\sbt\outputs\placer
Timing library       - C:\lscc\iCEcube2.2020.12\sbt_backend\devices\ice40HX8K.lib
Effort level         - std

I2050: Starting reading inputs for placer
=============================================================
I2100: Reading design library: D:/AmigaPCI/U110/APCI_U110/APCI_U110_Implmnt\sbt\netlist\oadb-U110_TOP/BFPGA_DESIGN_ep
I2065: Reading device file : C:\lscc\iCEcube2.2020.12\sbt_backend\devices\ICE40P04.dev
I2051: Reading of inputs for placer completed successfully

I2053: Starting placement of the design
=============================================================

Input Design Statistics
    Number of LUTs      	:	0
    Number of DFFs      	:	0
    Number of DFFs packed to IO	:	0
    Number of Carrys    	:	0
    Number of RAMs      	:	0
    Number of ROMs      	:	0
    Number of IOs       	:	7
    Number of GBIOs     	:	0
    Number of GBs       	:	0
    Number of WarmBoot  	:	0
    Number of PLLs      	:	0


Phase 1
I2077: Start design legalization

Design Legalization Statistics
    Number of feedthru LUTs inserted to legalize input of DFFs     	:	0
    Number of feedthru LUTs inserted for LUTs driving multiple DFFs	:	0
    Number of LUTs replicated for LUTs driving multiple DFFs       	:	0
    Number of feedthru LUTs inserted to legalize output of CARRYs  	:	0
    Number of feedthru LUTs inserted to legalize global signals    	:	0
    Number of feedthru CARRYs inserted to legalize input of CARRYs 	:	0
    Number of inserted LUTs to Legalize IOs with PIN_TYPE= 01xxxx  	:	0
    Number of inserted LUTs to Legalize IOs with PIN_TYPE= 10xxxx  	:	0
    Number of inserted LUTs to Legalize IOs with PIN_TYPE= 11xxxx  	:	0
    Total LUTs inserted                                            	:	0
    Total CARRYs inserted                                          	:	0


I2078: Design legalization is completed successfully
I2088: Phase 1, elapsed time : 0.0 (sec)


Phase 2
I2088: Phase 2, elapsed time : 0.0 (sec)

Phase 3
W2659: No Constrained paths were found. The placer will run in non-timing driven mode.

Design Statistics after Packing
    Number of LUTs      	:	1
    Number of DFFs      	:	0
    Number of DFFs packed to IO	:	0
    Number of Carrys    	:	0

Device Utilization Summary after Packing
    Sequential LogicCells
        LUT and DFF      	:	0
        LUT, DFF and CARRY	:	0
    Combinational LogicCells
        Only LUT         	:	1
        CARRY Only       	:	0
        LUT with CARRY   	:	0
    LogicCells                  :	1/3520
    PLBs                        :	1/440
    BRAMs                       :	0/20
    IOs and GBIOs               :	7/107
    PLLs                        :	0/2


I2088: Phase 3, elapsed time : 0.2 (sec)

Phase 4
I2088: Phase 4, elapsed time : 0.1 (sec)

Phase 5
I2088: Phase 5, elapsed time : 0.0 (sec)

Phase 6
I2088: Phase 6, elapsed time : 0.0 (sec)

Final Design Statistics
    Number of LUTs      	:	1
    Number of DFFs      	:	0
    Number of DFFs packed to IO	:	0
    Number of Carrys    	:	0
    Number of RAMs      	:	0
    Number of ROMs      	:	0
    Number of IOs       	:	7
    Number of GBIOs     	:	0
    Number of GBs       	:	0
    Number of WarmBoot  	:	0
    Number of PLLs      	:	0

Device Utilization Summary
    LogicCells                  :	1/3520
    PLBs                        :	1/440
    BRAMs                       :	0/20
    IOs and GBIOs               :	7/107
    PLLs                        :	0/2


I2054: Placement of design completed successfully

I2076: Placer run-time: 0.6 sec.

