OUTPUT TICK60 	 location (17, 0, 1) 	 55 	 
OUTPUT CIACS0n 	 location (25, 3, 1) 	 78 	 
INPUT  A[25] 	 location (0, 15, 0) 	 12 	 
OUTPUT D[0] 	 location (2, 0, 1) 	 38 	 
INPUT  CLK6 	 location (13, 0, 0) 	 52 	 
INPUT  TM[0] 	 location (6, 21, 1) 	 136 	 
OUTPUT CLK_CIA 	 location (15, 21, 1) 	 122 	 
OUTPUT BUFENn 	 location (19, 21, 1) 	 119 	 
INPUT  A[23] 	 location (0, 13, 0) 	 16 	 
INPUT  A[12] 	 location (0, 6, 0) 	 26 	 
INPUT  RnW 	 location (3, 21, 1) 	 142 	 
OUTPUT D[6] 	 location (8, 0, 1) 	 45 	 
OUTPUT CIACS1n 	 location (25, 4, 0) 	 79 	 
INPUT  A[21] 	 location (0, 13, 1) 	 15 	 
OUTPUT D[4] 	 location (7, 0, 1) 	 43 	 
INPUT  A[30] 	 location (0, 17, 1) 	 9 	 
INPUT  A[28] 	 location (0, 20, 0) 	 2 	 
INPUT  A[19] 	 location (2, 0, 0) 	 37 	 
INPUT  TT[0] 	 location (5, 21, 1) 	 138 	 
INPUT  A[16] 	 location (0, 2, 0) 	 32 	 
OUTPUT TICK50 	 location (18, 0, 0) 	 56 	 
OUTPUT TCIn 	 location (22, 21, 1) 	 115 	 
OUTPUT TBIn 	 location (22, 21, 0) 	 116 	 
OUTPUT RAMSPACEn 	 location (12, 0, 0) 	 48 	 
INPUT  A[26] 	 location (0, 19, 0) 	 4 	 
OUTPUT D[3] 	 location (5, 0, 0) 	 42 	 
INPUT  TM[1] 	 location (6, 21, 0) 	 137 	 
INPUT  CLK40_IN 	 location (12, 21, 1) 	 129 	 
INPUT  CLK28_IN 	 location (25, 11, 0) 	 94 	 
INPUT  A[24] 	 location (0, 18, 0) 	 8 	 
OUTPUT REGSPACEn 	 location (20, 21, 0) 	 118 	 
OUTPUT D[1] 	 location (3, 0, 1) 	 39 	 
INPUT  TSn 	 location (7, 21, 1) 	 134 	 
OUTPUT RTC_ENn 	 location (25, 4, 1) 	 80 	 
INPUT  A[22] 	 location (0, 19, 1) 	 3 	 
INPUT  A[13] 	 location (0, 3, 1) 	 28 	 
OUTPUT D[7] 	 location (11, 0, 1) 	 47 	 
INPUT  A[29] 	 location (0, 18, 1) 	 7 	 
INPUT  A[18] 	 location (0, 1, 0) 	 34 	 
INPUT  RESETn 	 location (21, 0, 0) 	 62 	 
INPUT  OVL 	 location (25, 5, 0) 	 81 	 
INPUT  A[20] 	 location (0, 12, 1) 	 17 	 
INOUT TACKn 	 location (21, 21, 1) 	 117 	 
OUTPUT D[5] 	 location (8, 0, 0) 	 44 	 
INPUT  A[31] 	 location (0, 17, 0) 	 10 	 
INPUT  A[27] 	 location (0, 15, 1) 	 11 	 
INPUT  TT[1] 	 location (5, 21, 0) 	 139 	 
OUTPUT ROMENn 	 location (15, 21, 0) 	 124 	 
OUTPUT PORTSIZE 	 location (7, 21, 0) 	 135 	 
OUTPUT D[2] 	 location (4, 0, 1) 	 41 	 
INPUT  A[17] 	 location (0, 1, 1) 	 33 	 
