* ******************************************************************************

* iCEcube Packer

* Version:            2020.12.27943

* Build Date:         Dec  9 2020 17:31:51

* File Generated:     Dec 23 2024 16:31:35

* Purpose:            General info of design implementation

* Copyright (C) 2006-2010 by Lattice Semiconductor Corp. All rights reserved.

* ******************************************************************************

Command Line: C:\lscc\iCEcube2.2020.12\sbt_backend\bin\win32\opt\packer.exe  C:\lscc\iCEcube2.2020.12\sbt_backend\devices\ICE40P04.dev  D:/AmigaPCI/U409/U409_icecube/U409_icecube_Implmnt\sbt\netlist\oadb-U409_TOP  --package  TQ144  --outdir  D:/AmigaPCI/U409/U409_icecube/U409_icecube_Implmnt\sbt\outputs\packer  --translator  C:\lscc\iCEcube2.2020.12\sbt_backend\bin\sdc_translator.tcl  --src_sdc_file  D:/AmigaPCI/U409/U409_icecube/U409_icecube_Implmnt\sbt\outputs\placer\U409_TOP_pl.sdc  --dst_sdc_file  D:/AmigaPCI/U409/U409_icecube/U409_icecube_Implmnt\sbt\outputs\packer\U409_TOP_pk.sdc  --devicename  iCE40HX4K  

***** Device Info *****
Chip: iCE40HX4K
Package: TQ144
Size: 24 X 20

***** Design Utilization Info *****
Design: U409_TOP
Used Logic Cell: 152/3520
Used Logic Tile: 38/440
Used IO Cell:    35/176
Used Bram Cell For iCE40: 0/20
Used PLL For iCE40: 1/2
Ram Cascading Used: 0
Lut Cascading Used: 1

***** Clock Info *****
Clock Domain: CLK80_OUT
Clock Source: GNDG0 GNDG0 GNDG0 GNDG0 GNDG0 GNDG0 GNDG0 GNDG0 GNDG0 CLK40_IN_c CONSTANT_ONE_NET 
Clock Driver: pll (SB_PLL40_CORE)
Driver Position: (12, 0, 1)
Fanout to FF: 23
Fanout to Tile: 9

Clock Domain: CLK6_c_g
Clock Source: clk6 
Clock Driver: CLK6_ibuf_gb_io (ICE_GB_IO)
Driver Position: (13, 0, 0)
Fanout to FF: 36
Fanout to Tile: 10

Clock Domain: CLK28_IN_c_g
Clock Source: clk28_in 
Clock Driver: CLK28_IN_ibuf_gb_io (ICE_GB_IO)
Driver Position: (25, 11, 0)
Fanout to FF: 9
Fanout to Tile: 3


***** Placement Info *****
Logic cell utilization per tile
    . . . . + . . . . 1 . . . . + . . . . 2 . . . . + . 
   ----------------------------------------------------
21|                                                     
20|   0 0 0 0 0 0 0 0 0 0 0 0 0 0 0 0 0 0 0 0 0 0 0 0   
19|   0 0 0 0 0 0 0 0 0 0 0 0 0 0 0 0 0 0 0 0 0 0 0 0   
18|   0 0 0 0 0 0 0 0 0 0 0 0 0 0 0 0 0 0 0 0 0 0 0 0   
17|   6 0 0 0 0 0 0 0 0 0 0 0 0 0 0 0 0 0 0 0 0 0 0 0   
16|   0 0 0 0 0 0 0 0 0 0 0 0 0 0 0 0 0 0 0 0 0 0 0 0   
15|   0 0 0 0 0 0 0 0 0 0 0 0 0 0 0 0 0 0 0 0 0 0 0 0   
14|   0 0 0 0 0 0 0 0 0 0 0 0 0 0 0 0 0 0 0 0 0 0 0 0   
13|   0 0 0 0 0 0 1 0 0 0 0 0 0 0 0 0 0 0 0 0 0 0 0 0   
12|   4 2 0 0 0 0 2 0 2 1 1 0 0 1 0 0 1 0 0 0 0 0 0 0   
11|   0 0 0 0 0 0 0 0 8 6 1 0 0 0 0 0 0 0 0 0 0 0 0 0   
10|   0 0 0 0 0 0 0 0 1 6 7 0 0 0 0 0 0 0 0 0 0 0 0 0   
 9|   0 0 0 0 0 0 0 0 8 4 8 8 0 0 0 0 0 0 0 0 0 0 0 0   
 8|   1 0 0 0 0 0 0 0 1 1 4 3 0 0 0 0 0 0 0 0 0 0 0 0   
 7|   2 0 0 0 0 0 0 0 1 8 7 8 0 0 0 0 0 0 0 0 0 0 0 0   
 6|   0 0 0 0 0 0 0 0 2 8 8 8 0 0 0 0 0 0 0 0 0 0 0 0   
 5|   0 0 0 0 0 0 0 0 0 8 1 0 0 0 0 0 0 0 0 0 0 0 0 0   
 4|   0 0 0 0 0 0 0 0 0 0 2 0 0 0 0 0 0 0 0 0 0 0 0 0   
 3|   0 0 0 0 0 0 0 0 0 0 0 0 0 0 0 0 0 0 0 0 0 0 0 0   
 2|   0 0 0 0 0 0 0 0 0 0 0 0 0 0 0 0 0 0 0 0 0 0 0 0   
 1|   0 0 0 0 0 0 0 0 0 0 0 1 0 0 0 0 0 0 0 0 0 0 0 0   
 0|                                                     

Maximum number of Logic cells per logic tile: 8
Average number of Logic cells per logic tile: 4.00

***** Input Pin Density Info *****
Number of input nets per logic tile
     .  .  .  .  +  .  .  .  .  1  .  .  .  .  +  .  .  .  .  2  .  .  .  .  +  . 
   ------------------------------------------------------------------------------
21|                                                                               
20|     0  0  0  0  0  0  0  0  0  0  0  0  0  0  0  0  0  0  0  0  0  0  0  0    
19|     0  0  0  0  0  0  0  0  0  0  0  0  0  0  0  0  0  0  0  0  0  0  0  0    
18|     0  0  0  0  0  0  0  0  0  0  0  0  0  0  0  0  0  0  0  0  0  0  0  0    
17|    13  0  0  0  0  0  0  0  0  0  0  0  0  0  0  0  0  0  0  0  0  0  0  0    
16|     0  0  0  0  0  0  0  0  0  0  0  0  0  0  0  0  0  0  0  0  0  0  0  0    
15|     0  0  0  0  0  0  0  0  0  0  0  0  0  0  0  0  0  0  0  0  0  0  0  0    
14|     0  0  0  0  0  0  0  0  0  0  0  0  0  0  0  0  0  0  0  0  0  0  0  0    
13|     0  0  0  0  0  0  3  0  0  0  0  0  0  0  0  0  0  0  0  0  0  0  0  0    
12|     8  4  0  0  0  0  6  0  6  4  3  0  0  1  0  0  3  0  0  0  0  0  0  0    
11|     0  0  0  0  0  0  0  0 16  9  2  0  0  0  0  0  0  0  0  0  0  0  0  0    
10|     0  0  0  0  0  0  0  0  4 15 12  0  0  0  0  0  0  0  0  0  0  0  0  0    
 9|     0  0  0  0  0  0  0  0 13 12 14 13  0  0  0  0  0  0  0  0  0  0  0  0    
 8|     4  0  0  0  0  0  0  0  2  4  9  6  0  0  0  0  0  0  0  0  0  0  0  0    
 7|     5  0  0  0  0  0  0  0  1 16 21 16  0  0  0  0  0  0  0  0  0  0  0  0    
 6|     0  0  0  0  0  0  0  0  5 16 20 16  0  0  0  0  0  0  0  0  0  0  0  0    
 5|     0  0  0  0  0  0  0  0  0 22  4  0  0  0  0  0  0  0  0  0  0  0  0  0    
 4|     0  0  0  0  0  0  0  0  0  0  3  0  0  0  0  0  0  0  0  0  0  0  0  0    
 3|     0  0  0  0  0  0  0  0  0  0  0  0  0  0  0  0  0  0  0  0  0  0  0  0    
 2|     0  0  0  0  0  0  0  0  0  0  0  0  0  0  0  0  0  0  0  0  0  0  0  0    
 1|     0  0  0  0  0  0  0  0  0  0  0  0  0  0  0  0  0  0  0  0  0  0  0  0    
 0|                                                                               

Maximum number of input nets per logic tile: 22
Average number of input nets per logic tile: 8.95

Number of input pins per logic tile
     .  .  .  .  +  .  .  .  .  1  .  .  .  .  +  .  .  .  .  2  .  .  .  .  +  . 
   ------------------------------------------------------------------------------
21|                                                                               
20|     0  0  0  0  0  0  0  0  0  0  0  0  0  0  0  0  0  0  0  0  0  0  0  0    
19|     0  0  0  0  0  0  0  0  0  0  0  0  0  0  0  0  0  0  0  0  0  0  0  0    
18|     0  0  0  0  0  0  0  0  0  0  0  0  0  0  0  0  0  0  0  0  0  0  0  0    
17|    20  0  0  0  0  0  0  0  0  0  0  0  0  0  0  0  0  0  0  0  0  0  0  0    
16|     0  0  0  0  0  0  0  0  0  0  0  0  0  0  0  0  0  0  0  0  0  0  0  0    
15|     0  0  0  0  0  0  0  0  0  0  0  0  0  0  0  0  0  0  0  0  0  0  0  0    
14|     0  0  0  0  0  0  0  0  0  0  0  0  0  0  0  0  0  0  0  0  0  0  0  0    
13|     0  0  0  0  0  0  3  0  0  0  0  0  0  0  0  0  0  0  0  0  0  0  0  0    
12|    14  6  0  0  0  0  7  0  6  4  3  0  0  1  0  0  3  0  0  0  0  0  0  0    
11|     0  0  0  0  0  0  0  0 29 17  2  0  0  0  0  0  0  0  0  0  0  0  0  0    
10|     0  0  0  0  0  0  0  0  4 21 25  0  0  0  0  0  0  0  0  0  0  0  0  0    
 9|     0  0  0  0  0  0  0  0 26 13 23 22  0  0  0  0  0  0  0  0  0  0  0  0    
 8|     4  0  0  0  0  0  0  0  2  4 15 12  0  0  0  0  0  0  0  0  0  0  0  0    
 7|     8  0  0  0  0  0  0  0  1 16 27 16  0  0  0  0  0  0  0  0  0  0  0  0    
 6|     0  0  0  0  0  0  0  0  8 16 28 16  0  0  0  0  0  0  0  0  0  0  0  0    
 5|     0  0  0  0  0  0  0  0  0 31  4  0  0  0  0  0  0  0  0  0  0  0  0  0    
 4|     0  0  0  0  0  0  0  0  0  0  4  0  0  0  0  0  0  0  0  0  0  0  0  0    
 3|     0  0  0  0  0  0  0  0  0  0  0  0  0  0  0  0  0  0  0  0  0  0  0  0    
 2|     0  0  0  0  0  0  0  0  0  0  0  0  0  0  0  0  0  0  0  0  0  0  0  0    
 1|     0  0  0  0  0  0  0  0  0  0  0  0  0  0  0  0  0  0  0  0  0  0  0  0    
 0|                                                                               

Maximum number of input pins per logic tile: 31
Average number of input pins per logic tile: 12.46

***** Run Time Info *****
Run Time:  0
